[INFO] [2017-08-23 09:28:46][org.springframework.web.servlet.DispatcherServlet]FrameworkServlet 'SpringMVC': initialization started
  [INFO] [2017-08-23 09:28:46][org.springframework.web.context.support.XmlWebApplicationContext]Refreshing WebApplicationContext for namespace 'SpringMVC-servlet': startup date [Wed Aug 23 09:28:46 CST 2017]; root of context hierarchy
  [INFO] [2017-08-23 09:28:46][org.springframework.beans.factory.xml.XmlBeanDefinitionReader]Loading XML bean definitions from class path resource [resources/spring-mvc.xml]
  [ERROR] [2017-08-23 09:28:46][org.springframework.web.servlet.DispatcherServlet]Context initialization failed
  org.springframework.beans.factory.BeanDefinitionStoreException: IOException parsing XML document from class path resource [resources/spring-mvc.xml]; nested exception is java.io.FileNotFoundException: class path resource [resources/spring-mvc.xml] cannot be opened because it does not exist
	at org.springframework.beans.factory.xml.XmlBeanDefinitionReader.loadBeanDefinitions(XmlBeanDefinitionReader.java:344)
	at org.springframework.beans.factory.xml.XmlBeanDefinitionReader.loadBeanDefinitions(XmlBeanDefinitionReader.java:304)
	at org.springframework.beans.factory.support.AbstractBeanDefinitionReader.loadBeanDefinitions(AbstractBeanDefinitionReader.java:181)
	at org.springframework.beans.factory.support.AbstractBeanDefinitionReader.loadBeanDefinitions(AbstractBeanDefinitionReader.java:217)
	at org.springframework.beans.factory.support.AbstractBeanDefinitionReader.loadBeanDefinitions(AbstractBeanDefinitionReader.java:188)
	at org.springframework.web.context.support.XmlWebApplicationContext.loadBeanDefinitions(XmlWebApplicationContext.java:125)
	at org.springframework.web.context.support.XmlWebApplicationContext.loadBeanDefinitions(XmlWebApplicationContext.java:94)
	at org.springframework.context.support.AbstractRefreshableApplicationContext.refreshBeanFactory(AbstractRefreshableApplicationContext.java:129)
	at org.springframework.context.support.AbstractApplicationContext.obtainFreshBeanFactory(AbstractApplicationContext.java:614)
	at org.springframework.context.support.AbstractApplicationContext.refresh(AbstractApplicationContext.java:515)
	at org.springframework.web.servlet.FrameworkServlet.configureAndRefreshWebApplicationContext(FrameworkServlet.java:668)
	at org.springframework.web.servlet.FrameworkServlet.createWebApplicationContext(FrameworkServlet.java:634)
	at org.springframework.web.servlet.FrameworkServlet.createWebApplicationContext(FrameworkServlet.java:682)
	at org.springframework.web.servlet.FrameworkServlet.initWebApplicationContext(FrameworkServlet.java:553)
	at org.springframework.web.servlet.FrameworkServlet.initServletBean(FrameworkServlet.java:494)
	at org.springframework.web.servlet.HttpServletBean.init(HttpServletBean.java:171)
	at javax.servlet.GenericServlet.init(GenericServlet.java:241)
	at org.mortbay.jetty.servlet.ServletHolder.initServlet(ServletHolder.java:433)
	at org.mortbay.jetty.servlet.ServletHolder.doStart(ServletHolder.java:256)
	at org.mortbay.component.AbstractLifeCycle.start(AbstractLifeCycle.java:39)
	at org.mortbay.jetty.servlet.ServletHandler.initialize(ServletHandler.java:612)
	at org.mortbay.jetty.servlet.Context.startContext(Context.java:139)
	at org.mortbay.jetty.webapp.WebAppContext.startContext(WebAppContext.java:1220)
	at org.mortbay.jetty.handler.ContextHandler.doStart(ContextHandler.java:510)
	at org.mortbay.jetty.webapp.WebAppContext.doStart(WebAppContext.java:448)
	at org.mortbay.jetty.plugin.Jetty6PluginWebAppContext.doStart(Jetty6PluginWebAppContext.java:110)
	at org.mortbay.component.AbstractLifeCycle.start(AbstractLifeCycle.java:39)
	at org.mortbay.jetty.handler.HandlerCollection.doStart(HandlerCollection.java:152)
	at org.mortbay.jetty.handler.ContextHandlerCollection.doStart(ContextHandlerCollection.java:156)
	at org.mortbay.component.AbstractLifeCycle.start(AbstractLifeCycle.java:39)
	at org.mortbay.jetty.handler.HandlerCollection.doStart(HandlerCollection.java:152)
	at org.mortbay.component.AbstractLifeCycle.start(AbstractLifeCycle.java:39)
	at org.mortbay.jetty.handler.HandlerWrapper.doStart(HandlerWrapper.java:130)
	at org.mortbay.jetty.Server.doStart(Server.java:222)
	at org.mortbay.component.AbstractLifeCycle.start(AbstractLifeCycle.java:39)
	at org.mortbay.jetty.plugin.Jetty6PluginServer.start(Jetty6PluginServer.java:132)
	at org.mortbay.jetty.plugin.AbstractJettyMojo.startJetty(AbstractJettyMojo.java:371)
	at org.mortbay.jetty.plugin.AbstractJettyMojo.execute(AbstractJettyMojo.java:307)
	at org.mortbay.jetty.plugin.AbstractJettyRunMojo.execute(AbstractJettyRunMojo.java:203)
	at org.mortbay.jetty.plugin.Jetty6RunMojo.execute(Jetty6RunMojo.java:184)
	at org.apache.maven.plugin.DefaultBuildPluginManager.executeMojo(DefaultBuildPluginManager.java:107)
	at org.apache.maven.lifecycle.internal.MojoExecutor.execute(MojoExecutor.java:209)
	at org.apache.maven.lifecycle.internal.MojoExecutor.execute(MojoExecutor.java:153)
	at org.apache.maven.lifecycle.internal.MojoExecutor.execute(MojoExecutor.java:145)
	at org.apache.maven.lifecycle.internal.LifecycleModuleBuilder.buildProject(LifecycleModuleBuilder.java:84)
	at org.apache.maven.lifecycle.internal.LifecycleModuleBuilder.buildProject(LifecycleModuleBuilder.java:59)
	at org.apache.maven.lifecycle.internal.LifecycleStarter.singleThreadedBuild(LifecycleStarter.java:183)
	at org.apache.maven.lifecycle.internal.LifecycleStarter.execute(LifecycleStarter.java:161)
	at org.apache.maven.DefaultMaven.doExecute(DefaultMaven.java:319)
	at org.apache.maven.DefaultMaven.execute(DefaultMaven.java:156)
	at org.apache.maven.cli.MavenCli.execute(MavenCli.java:534)
	at org.apache.maven.cli.MavenCli.doMain(MavenCli.java:196)
	at org.apache.maven.cli.MavenCli.main(MavenCli.java:141)
	at sun.reflect.NativeMethodAccessorImpl.invoke0(Native Method)
	at sun.reflect.NativeMethodAccessorImpl.invoke(NativeMethodAccessorImpl.java:57)
	at sun.reflect.DelegatingMethodAccessorImpl.invoke(DelegatingMethodAccessorImpl.java:43)
	at java.lang.reflect.Method.invoke(Method.java:606)
	at org.codehaus.plexus.classworlds.launcher.Launcher.launchEnhanced(Launcher.java:290)
	at org.codehaus.plexus.classworlds.launcher.Launcher.launch(Launcher.java:230)
	at org.codehaus.plexus.classworlds.launcher.Launcher.mainWithExitCode(Launcher.java:409)
	at org.codehaus.plexus.classworlds.launcher.Launcher.main(Launcher.java:352)
Caused by: java.io.FileNotFoundException: class path resource [resources/spring-mvc.xml] cannot be opened because it does not exist
	at org.springframework.core.io.ClassPathResource.getInputStream(ClassPathResource.java:172)
	at org.springframework.beans.factory.xml.XmlBeanDefinitionReader.loadBeanDefinitions(XmlBeanDefinitionReader.java:330)
	... 60 more
[INFO] [2017-08-23 09:32:05][org.springframework.web.servlet.DispatcherServlet]FrameworkServlet 'SpringMVC': initialization started
  [INFO] [2017-08-23 09:32:05][org.springframework.web.context.support.XmlWebApplicationContext]Refreshing WebApplicationContext for namespace 'SpringMVC-servlet': startup date [Wed Aug 23 09:32:05 CST 2017]; root of context hierarchy
  [INFO] [2017-08-23 09:32:05][org.springframework.web.servlet.DispatcherServlet]FrameworkServlet 'SpringMVC': initialization completed in 140 ms
  [WARN] [2017-08-23 09:35:05][org.springframework.web.servlet.PageNotFound]No mapping found for HTTP request with URI [/mycrm/user/hi] in DispatcherServlet with name 'SpringMVC'
  [WARN] [2017-08-23 09:35:50][org.springframework.web.servlet.PageNotFound]No mapping found for HTTP request with URI [/mycrm/user/hi] in DispatcherServlet with name 'SpringMVC'
  [WARN] [2017-08-23 09:35:54][org.springframework.web.servlet.PageNotFound]No mapping found for HTTP request with URI [/mycrm/user/hi] in DispatcherServlet with name 'SpringMVC'
  [WARN] [2017-08-23 09:36:04][org.springframework.web.servlet.PageNotFound]No mapping found for HTTP request with URI [/mycrm/user/hi] in DispatcherServlet with name 'SpringMVC'
  [INFO] [2017-08-23 09:36:35][org.springframework.web.servlet.DispatcherServlet]FrameworkServlet 'SpringMVC': initialization started
  [INFO] [2017-08-23 09:36:35][org.springframework.web.context.support.XmlWebApplicationContext]Refreshing WebApplicationContext for namespace 'SpringMVC-servlet': startup date [Wed Aug 23 09:36:35 CST 2017]; root of context hierarchy
  [INFO] [2017-08-23 09:36:35][org.springframework.web.servlet.DispatcherServlet]FrameworkServlet 'SpringMVC': initialization completed in 113 ms
  [WARN] [2017-08-23 09:36:41][org.springframework.web.servlet.PageNotFound]No mapping found for HTTP request with URI [/mycrm/user/hi] in DispatcherServlet with name 'SpringMVC'
  [INFO] [2017-08-23 09:39:06][org.springframework.web.context.support.XmlWebApplicationContext]Closing WebApplicationContext for namespace 'SpringMVC-servlet': startup date [Wed Aug 23 09:36:35 CST 2017]; root of context hierarchy
  [INFO] [2017-08-23 09:39:06][org.springframework.web.servlet.DispatcherServlet]FrameworkServlet 'SpringMVC': initialization started
  [INFO] [2017-08-23 09:39:06][org.springframework.web.context.support.XmlWebApplicationContext]Refreshing WebApplicationContext for namespace 'SpringMVC-servlet': startup date [Wed Aug 23 09:39:06 CST 2017]; root of context hierarchy
  [INFO] [2017-08-23 09:39:06][org.springframework.web.servlet.DispatcherServlet]FrameworkServlet 'SpringMVC': initialization completed in 68 ms
  [INFO] [2017-08-23 09:39:14][org.springframework.web.servlet.DispatcherServlet]FrameworkServlet 'SpringMVC': initialization started
  [INFO] [2017-08-23 09:39:14][org.springframework.web.context.support.XmlWebApplicationContext]Refreshing WebApplicationContext for namespace 'SpringMVC-servlet': startup date [Wed Aug 23 09:39:14 CST 2017]; root of context hierarchy
  [INFO] [2017-08-23 09:39:14][org.springframework.web.servlet.DispatcherServlet]FrameworkServlet 'SpringMVC': initialization completed in 111 ms
  [WARN] [2017-08-23 09:39:23][org.springframework.web.servlet.PageNotFound]No mapping found for HTTP request with URI [/mycrm/user/hi] in DispatcherServlet with name 'SpringMVC'
  [WARN] [2017-08-23 09:40:44][org.springframework.web.servlet.PageNotFound]No mapping found for HTTP request with URI [/mycrm/user/hi] in DispatcherServlet with name 'SpringMVC'
  [INFO] [2017-08-23 09:41:35][org.springframework.web.context.support.XmlWebApplicationContext]Closing WebApplicationContext for namespace 'SpringMVC-servlet': startup date [Wed Aug 23 09:39:14 CST 2017]; root of context hierarchy
  [INFO] [2017-08-23 09:41:35][org.springframework.web.servlet.DispatcherServlet]FrameworkServlet 'SpringMVC': initialization started
  [INFO] [2017-08-23 09:41:35][org.springframework.web.context.support.XmlWebApplicationContext]Refreshing WebApplicationContext for namespace 'SpringMVC-servlet': startup date [Wed Aug 23 09:41:35 CST 2017]; root of context hierarchy
  [INFO] [2017-08-23 09:41:35][org.springframework.web.servlet.DispatcherServlet]FrameworkServlet 'SpringMVC': initialization completed in 69 ms
  [INFO] [2017-08-23 09:41:41][org.springframework.web.servlet.DispatcherServlet]FrameworkServlet 'SpringMVC': initialization started
  [INFO] [2017-08-23 09:41:41][org.springframework.web.context.support.XmlWebApplicationContext]Refreshing WebApplicationContext for namespace 'SpringMVC-servlet': startup date [Wed Aug 23 09:41:41 CST 2017]; root of context hierarchy
  [INFO] [2017-08-23 09:41:41][org.springframework.web.servlet.DispatcherServlet]FrameworkServlet 'SpringMVC': initialization completed in 113 ms
  [WARN] [2017-08-23 09:41:44][org.springframework.web.servlet.PageNotFound]No mapping found for HTTP request with URI [/mycrm/index.jsp] in DispatcherServlet with name 'SpringMVC'
  [WARN] [2017-08-23 09:41:44][org.springframework.web.servlet.PageNotFound]No mapping found for HTTP request with URI [/mycrm/index.jsp] in DispatcherServlet with name 'SpringMVC'
  [WARN] [2017-08-23 09:42:22][org.springframework.web.servlet.PageNotFound]No mapping found for HTTP request with URI [/mycrm/user/hi] in DispatcherServlet with name 'SpringMVC'
  [INFO] [2017-08-23 09:43:11][org.springframework.web.context.support.XmlWebApplicationContext]Closing WebApplicationContext for namespace 'SpringMVC-servlet': startup date [Wed Aug 23 09:41:41 CST 2017]; root of context hierarchy
  [INFO] [2017-08-23 09:43:12][org.springframework.web.servlet.DispatcherServlet]FrameworkServlet 'SpringMVC': initialization started
  [INFO] [2017-08-23 09:43:12][org.springframework.web.context.support.XmlWebApplicationContext]Refreshing WebApplicationContext for namespace 'SpringMVC-servlet': startup date [Wed Aug 23 09:43:12 CST 2017]; root of context hierarchy
  [INFO] [2017-08-23 09:43:12][org.springframework.web.servlet.DispatcherServlet]FrameworkServlet 'SpringMVC': initialization completed in 67 ms
  [WARN] [2017-08-23 09:43:16][org.springframework.web.servlet.PageNotFound]No mapping found for HTTP request with URI [/mycrm/user/hi] in DispatcherServlet with name 'SpringMVC'
  [WARN] [2017-08-23 09:43:25][org.springframework.web.servlet.PageNotFound]No mapping found for HTTP request with URI [/mycrm/user/hi] in DispatcherServlet with name 'SpringMVC'
  [INFO] [2017-08-23 10:01:42][org.springframework.web.servlet.DispatcherServlet]FrameworkServlet 'SpringMVC': initialization started
  [INFO] [2017-08-23 10:01:42][org.springframework.web.context.support.XmlWebApplicationContext]Refreshing WebApplicationContext for namespace 'SpringMVC-servlet': startup date [Wed Aug 23 10:01:42 CST 2017]; root of context hierarchy
  [INFO] [2017-08-23 10:01:42][org.springframework.web.servlet.DispatcherServlet]FrameworkServlet 'SpringMVC': initialization completed in 111 ms
  [WARN] [2017-08-23 10:01:52][org.springframework.web.servlet.PageNotFound]No mapping found for HTTP request with URI [/mycrm/user/hi] in DispatcherServlet with name 'SpringMVC'
  [INFO] [2017-08-23 10:02:12][org.springframework.web.context.support.XmlWebApplicationContext]Closing WebApplicationContext for namespace 'SpringMVC-servlet': startup date [Wed Aug 23 10:01:42 CST 2017]; root of context hierarchy
  [INFO] [2017-08-23 10:02:13][org.springframework.web.servlet.DispatcherServlet]FrameworkServlet 'SpringMVC': initialization started
  [INFO] [2017-08-23 10:02:13][org.springframework.web.context.support.XmlWebApplicationContext]Refreshing WebApplicationContext for namespace 'SpringMVC-servlet': startup date [Wed Aug 23 10:02:13 CST 2017]; root of context hierarchy
  [INFO] [2017-08-23 10:02:13][org.springframework.web.servlet.DispatcherServlet]FrameworkServlet 'SpringMVC': initialization completed in 69 ms
  [WARN] [2017-08-23 10:02:21][org.springframework.web.servlet.PageNotFound]No mapping found for HTTP request with URI [/mycrm/user/hi] in DispatcherServlet with name 'SpringMVC'
  [INFO] [2017-08-23 10:02:32][org.springframework.web.context.support.XmlWebApplicationContext]Closing WebApplicationContext for namespace 'SpringMVC-servlet': startup date [Wed Aug 23 10:02:13 CST 2017]; root of context hierarchy
  [INFO] [2017-08-23 10:02:32][org.springframework.web.servlet.DispatcherServlet]FrameworkServlet 'SpringMVC': initialization started
  [INFO] [2017-08-23 10:02:32][org.springframework.web.context.support.XmlWebApplicationContext]Refreshing WebApplicationContext for namespace 'SpringMVC-servlet': startup date [Wed Aug 23 10:02:32 CST 2017]; root of context hierarchy
  [INFO] [2017-08-23 10:02:33][org.springframework.web.servlet.DispatcherServlet]FrameworkServlet 'SpringMVC': initialization completed in 67 ms
  [WARN] [2017-08-23 10:02:37][org.springframework.web.servlet.PageNotFound]No mapping found for HTTP request with URI [/mycrm/user/hi] in DispatcherServlet with name 'SpringMVC'
  [INFO] [2017-08-23 10:03:02][org.springframework.web.context.support.XmlWebApplicationContext]Closing WebApplicationContext for namespace 'SpringMVC-servlet': startup date [Wed Aug 23 10:02:32 CST 2017]; root of context hierarchy
  [INFO] [2017-08-23 10:03:03][org.springframework.web.servlet.DispatcherServlet]FrameworkServlet 'SpringMVC': initialization started
  [INFO] [2017-08-23 10:03:03][org.springframework.web.context.support.XmlWebApplicationContext]Refreshing WebApplicationContext for namespace 'SpringMVC-servlet': startup date [Wed Aug 23 10:03:03 CST 2017]; root of context hierarchy
  [INFO] [2017-08-23 10:03:03][org.springframework.web.servlet.DispatcherServlet]FrameworkServlet 'SpringMVC': initialization completed in 71 ms
  [WARN] [2017-08-23 10:06:52][org.springframework.web.servlet.PageNotFound]No mapping found for HTTP request with URI [/mycrm/user/hi] in DispatcherServlet with name 'SpringMVC'
  [INFO] [2017-08-23 10:11:13][org.springframework.web.servlet.DispatcherServlet]FrameworkServlet 'SpringMVC': initialization started
  [INFO] [2017-08-23 10:11:13][org.springframework.web.context.support.XmlWebApplicationContext]Refreshing WebApplicationContext for namespace 'SpringMVC-servlet': startup date [Wed Aug 23 10:11:13 CST 2017]; root of context hierarchy
  [INFO] [2017-08-23 10:11:13][org.springframework.web.servlet.DispatcherServlet]FrameworkServlet 'SpringMVC': initialization completed in 124 ms
  [WARN] [2017-08-23 10:11:21][org.springframework.web.servlet.PageNotFound]No mapping found for HTTP request with URI [/mycrm/index.jsp] in DispatcherServlet with name 'SpringMVC'
  [INFO] [2017-08-23 10:11:54][org.springframework.web.context.support.XmlWebApplicationContext]Closing WebApplicationContext for namespace 'SpringMVC-servlet': startup date [Wed Aug 23 10:11:13 CST 2017]; root of context hierarchy
  [INFO] [2017-08-23 10:11:54][org.springframework.web.servlet.DispatcherServlet]FrameworkServlet 'SpringMVC': initialization started
  [INFO] [2017-08-23 10:11:54][org.springframework.web.context.support.XmlWebApplicationContext]Refreshing WebApplicationContext for namespace 'SpringMVC-servlet': startup date [Wed Aug 23 10:11:54 CST 2017]; root of context hierarchy
  [INFO] [2017-08-23 10:11:54][org.springframework.web.servlet.DispatcherServlet]FrameworkServlet 'SpringMVC': initialization completed in 62 ms
  [WARN] [2017-08-23 10:12:13][org.springframework.web.servlet.PageNotFound]No mapping found for HTTP request with URI [/mycrm/user/hi] in DispatcherServlet with name 'SpringMVC'
  [INFO] [2017-08-23 10:12:14][org.springframework.web.context.support.XmlWebApplicationContext]Closing WebApplicationContext for namespace 'SpringMVC-servlet': startup date [Wed Aug 23 10:11:54 CST 2017]; root of context hierarchy
  [INFO] [2017-08-23 10:12:14][org.springframework.web.servlet.DispatcherServlet]FrameworkServlet 'SpringMVC': initialization started
  [INFO] [2017-08-23 10:12:14][org.springframework.web.context.support.XmlWebApplicationContext]Refreshing WebApplicationContext for namespace 'SpringMVC-servlet': startup date [Wed Aug 23 10:12:14 CST 2017]; root of context hierarchy
  [INFO] [2017-08-23 10:12:14][org.springframework.web.servlet.DispatcherServlet]FrameworkServlet 'SpringMVC': initialization completed in 63 ms
  [WARN] [2017-08-23 10:12:20][org.springframework.web.servlet.PageNotFound]No mapping found for HTTP request with URI [/mycrm/user/hi] in DispatcherServlet with name 'SpringMVC'
  [INFO] [2017-08-23 10:14:54][org.springframework.web.context.support.XmlWebApplicationContext]Closing WebApplicationContext for namespace 'SpringMVC-servlet': startup date [Wed Aug 23 10:12:14 CST 2017]; root of context hierarchy
  [INFO] [2017-08-23 10:14:54][org.springframework.web.servlet.DispatcherServlet]FrameworkServlet 'SpringMVC': initialization started
  [INFO] [2017-08-23 10:14:54][org.springframework.web.context.support.XmlWebApplicationContext]Refreshing WebApplicationContext for namespace 'SpringMVC-servlet': startup date [Wed Aug 23 10:14:54 CST 2017]; root of context hierarchy
  [INFO] [2017-08-23 10:14:54][org.springframework.web.servlet.DispatcherServlet]FrameworkServlet 'SpringMVC': initialization completed in 78 ms
  [INFO] [2017-08-23 10:15:04][org.springframework.web.context.support.XmlWebApplicationContext]Closing WebApplicationContext for namespace 'SpringMVC-servlet': startup date [Wed Aug 23 10:14:54 CST 2017]; root of context hierarchy
  [INFO] [2017-08-23 10:15:04][org.springframework.web.servlet.DispatcherServlet]FrameworkServlet 'SpringMVC': initialization started
  [INFO] [2017-08-23 10:15:04][org.springframework.web.context.support.XmlWebApplicationContext]Refreshing WebApplicationContext for namespace 'SpringMVC-servlet': startup date [Wed Aug 23 10:15:04 CST 2017]; root of context hierarchy
  [INFO] [2017-08-23 10:15:04][org.springframework.web.servlet.DispatcherServlet]FrameworkServlet 'SpringMVC': initialization completed in 63 ms
  [INFO] [2017-08-23 10:15:24][org.springframework.web.context.support.XmlWebApplicationContext]Closing WebApplicationContext for namespace 'SpringMVC-servlet': startup date [Wed Aug 23 10:15:04 CST 2017]; root of context hierarchy
  [INFO] [2017-08-23 10:15:24][org.springframework.web.servlet.DispatcherServlet]FrameworkServlet 'SpringMVC': initialization started
  [INFO] [2017-08-23 10:15:24][org.springframework.web.context.support.XmlWebApplicationContext]Refreshing WebApplicationContext for namespace 'SpringMVC-servlet': startup date [Wed Aug 23 10:15:24 CST 2017]; root of context hierarchy
  [INFO] [2017-08-23 10:15:24][org.springframework.web.servlet.DispatcherServlet]FrameworkServlet 'SpringMVC': initialization completed in 112 ms
  [WARN] [2017-08-23 10:15:35][org.springframework.web.servlet.PageNotFound]No mapping found for HTTP request with URI [/mycrm/user/hi.do] in DispatcherServlet with name 'SpringMVC'
  [WARN] [2017-08-23 10:15:50][org.springframework.web.servlet.PageNotFound]No mapping found for HTTP request with URI [/mycrm/user/hi.do] in DispatcherServlet with name 'SpringMVC'
  [INFO] [2017-08-23 10:15:54][org.springframework.web.context.support.XmlWebApplicationContext]Closing WebApplicationContext for namespace 'SpringMVC-servlet': startup date [Wed Aug 23 10:15:24 CST 2017]; root of context hierarchy
  [INFO] [2017-08-23 10:15:54][org.springframework.web.servlet.DispatcherServlet]FrameworkServlet 'SpringMVC': initialization started
  [INFO] [2017-08-23 10:15:54][org.springframework.web.context.support.XmlWebApplicationContext]Refreshing WebApplicationContext for namespace 'SpringMVC-servlet': startup date [Wed Aug 23 10:15:54 CST 2017]; root of context hierarchy
  [INFO] [2017-08-23 10:15:54][org.springframework.web.servlet.DispatcherServlet]FrameworkServlet 'SpringMVC': initialization completed in 78 ms
  [WARN] [2017-08-23 10:15:56][org.springframework.web.servlet.PageNotFound]No mapping found for HTTP request with URI [/mycrm/user/hi.do] in DispatcherServlet with name 'SpringMVC'
  [INFO] [2017-08-23 10:16:44][org.springframework.web.context.support.XmlWebApplicationContext]Closing WebApplicationContext for namespace 'SpringMVC-servlet': startup date [Wed Aug 23 10:15:54 CST 2017]; root of context hierarchy
  [INFO] [2017-08-23 10:16:44][org.springframework.web.servlet.DispatcherServlet]FrameworkServlet 'SpringMVC': initialization started
  [INFO] [2017-08-23 10:16:44][org.springframework.web.context.support.XmlWebApplicationContext]Refreshing WebApplicationContext for namespace 'SpringMVC-servlet': startup date [Wed Aug 23 10:16:44 CST 2017]; root of context hierarchy
  [INFO] [2017-08-23 10:16:44][org.springframework.web.servlet.DispatcherServlet]FrameworkServlet 'SpringMVC': initialization completed in 124 ms
  [INFO] [2017-08-23 10:18:04][org.springframework.web.context.support.XmlWebApplicationContext]Closing WebApplicationContext for namespace 'SpringMVC-servlet': startup date [Wed Aug 23 10:16:44 CST 2017]; root of context hierarchy
  [INFO] [2017-08-23 10:18:04][org.springframework.web.servlet.DispatcherServlet]FrameworkServlet 'SpringMVC': initialization started
  [INFO] [2017-08-23 10:18:04][org.springframework.web.context.support.XmlWebApplicationContext]Refreshing WebApplicationContext for namespace 'SpringMVC-servlet': startup date [Wed Aug 23 10:18:04 CST 2017]; root of context hierarchy
  [INFO] [2017-08-23 10:18:04][org.springframework.web.servlet.DispatcherServlet]FrameworkServlet 'SpringMVC': initialization completed in 62 ms
  [INFO] [2017-08-23 10:18:14][org.springframework.web.context.support.XmlWebApplicationContext]Closing WebApplicationContext for namespace 'SpringMVC-servlet': startup date [Wed Aug 23 10:18:04 CST 2017]; root of context hierarchy
  [INFO] [2017-08-23 10:18:14][org.springframework.web.servlet.DispatcherServlet]FrameworkServlet 'SpringMVC': initialization started
  [INFO] [2017-08-23 10:18:14][org.springframework.web.context.support.XmlWebApplicationContext]Refreshing WebApplicationContext for namespace 'SpringMVC-servlet': startup date [Wed Aug 23 10:18:14 CST 2017]; root of context hierarchy
  [INFO] [2017-08-23 10:18:14][org.springframework.web.servlet.DispatcherServlet]FrameworkServlet 'SpringMVC': initialization completed in 62 ms
  [INFO] [2017-08-23 10:21:04][org.springframework.web.context.support.XmlWebApplicationContext]Closing WebApplicationContext for namespace 'SpringMVC-servlet': startup date [Wed Aug 23 10:18:14 CST 2017]; root of context hierarchy
  [INFO] [2017-08-23 10:21:04][org.springframework.web.servlet.DispatcherServlet]FrameworkServlet 'SpringMVC': initialization started
  [INFO] [2017-08-23 10:21:04][org.springframework.web.context.support.XmlWebApplicationContext]Refreshing WebApplicationContext for namespace 'SpringMVC-servlet': startup date [Wed Aug 23 10:21:04 CST 2017]; root of context hierarchy
  [INFO] [2017-08-23 10:21:04][org.springframework.web.servlet.DispatcherServlet]FrameworkServlet 'SpringMVC': initialization completed in 62 ms
  [WARN] [2017-08-23 10:21:13][org.springframework.web.servlet.PageNotFound]No mapping found for HTTP request with URI [/mycrm/] in DispatcherServlet with name 'SpringMVC'
  [WARN] [2017-08-23 10:21:15][org.springframework.web.servlet.PageNotFound]No mapping found for HTTP request with URI [/mycrm/] in DispatcherServlet with name 'SpringMVC'
  [WARN] [2017-08-23 10:21:25][org.springframework.web.servlet.PageNotFound]No mapping found for HTTP request with URI [/mycrm/] in DispatcherServlet with name 'SpringMVC'
  [WARN] [2017-08-23 10:21:39][org.springframework.web.servlet.PageNotFound]No mapping found for HTTP request with URI [/mycrm/] in DispatcherServlet with name 'SpringMVC'
  [WARN] [2017-08-23 10:21:50][org.springframework.web.servlet.PageNotFound]No mapping found for HTTP request with URI [/mycrm/user/hi] in DispatcherServlet with name 'SpringMVC'
  [INFO] [2017-08-23 10:55:04][org.springframework.web.servlet.DispatcherServlet]FrameworkServlet 'SpringMVC': initialization started
  [INFO] [2017-08-23 10:55:04][org.springframework.web.context.support.XmlWebApplicationContext]Refreshing WebApplicationContext for namespace 'SpringMVC-servlet': startup date [Wed Aug 23 10:55:04 CST 2017]; root of context hierarchy
  [INFO] [2017-08-23 10:55:04][org.springframework.web.servlet.DispatcherServlet]FrameworkServlet 'SpringMVC': initialization completed in 116 ms
  [WARN] [2017-08-23 10:55:23][org.springframework.web.servlet.PageNotFound]No mapping found for HTTP request with URI [/mycrm/user/hi] in DispatcherServlet with name 'SpringMVC'
  [INFO] [2017-08-23 11:01:58][org.springframework.web.servlet.DispatcherServlet]FrameworkServlet 'SpringMVC': initialization started
  [INFO] [2017-08-23 11:01:58][org.springframework.web.context.support.XmlWebApplicationContext]Refreshing WebApplicationContext for namespace 'SpringMVC-servlet': startup date [Wed Aug 23 11:01:58 CST 2017]; root of context hierarchy
  [INFO] [2017-08-23 11:01:58][org.springframework.web.servlet.DispatcherServlet]FrameworkServlet 'SpringMVC': initialization completed in 132 ms
  [WARN] [2017-08-23 11:02:02][org.springframework.web.servlet.PageNotFound]No mapping found for HTTP request with URI [/mycrm/user/hi] in DispatcherServlet with name 'SpringMVC'
  [INFO] [2017-08-23 11:02:42][org.springframework.web.servlet.DispatcherServlet]FrameworkServlet 'SpringMVC': initialization started
  [INFO] [2017-08-23 11:02:42][org.springframework.web.context.support.XmlWebApplicationContext]Refreshing WebApplicationContext for namespace 'SpringMVC-servlet': startup date [Wed Aug 23 11:02:42 CST 2017]; root of context hierarchy
  [INFO] [2017-08-23 11:02:42][org.springframework.web.servlet.DispatcherServlet]FrameworkServlet 'SpringMVC': initialization completed in 113 ms
  [WARN] [2017-08-23 11:02:47][org.springframework.web.servlet.PageNotFound]No mapping found for HTTP request with URI [/mycrm/user/hi] in DispatcherServlet with name 'SpringMVC'
  [INFO] [2017-08-23 11:04:23][org.springframework.web.context.support.XmlWebApplicationContext]Closing WebApplicationContext for namespace 'SpringMVC-servlet': startup date [Wed Aug 23 11:02:42 CST 2017]; root of context hierarchy
  [INFO] [2017-08-23 11:04:23][org.springframework.web.servlet.DispatcherServlet]FrameworkServlet 'SpringMVC': initialization started
  [INFO] [2017-08-23 11:04:23][org.springframework.web.context.support.XmlWebApplicationContext]Refreshing WebApplicationContext for namespace 'SpringMVC-servlet': startup date [Wed Aug 23 11:04:23 CST 2017]; root of context hierarchy
  [INFO] [2017-08-23 11:04:23][org.springframework.web.servlet.DispatcherServlet]FrameworkServlet 'SpringMVC': initialization completed in 72 ms
  [INFO] [2017-08-23 11:05:37][org.springframework.web.servlet.DispatcherServlet]FrameworkServlet 'SpringMVC': initialization started
  [INFO] [2017-08-23 11:05:37][org.springframework.web.context.support.XmlWebApplicationContext]Refreshing WebApplicationContext for namespace 'SpringMVC-servlet': startup date [Wed Aug 23 11:05:37 CST 2017]; root of context hierarchy
  [INFO] [2017-08-23 11:05:37][org.springframework.web.servlet.DispatcherServlet]FrameworkServlet 'SpringMVC': initialization completed in 113 ms
  [INFO] [2017-08-23 11:06:57][org.springframework.web.context.support.XmlWebApplicationContext]Closing WebApplicationContext for namespace 'SpringMVC-servlet': startup date [Wed Aug 23 11:05:37 CST 2017]; root of context hierarchy
  [INFO] [2017-08-23 11:06:58][org.springframework.web.servlet.DispatcherServlet]FrameworkServlet 'SpringMVC': initialization started
  [INFO] [2017-08-23 11:06:58][org.springframework.web.context.support.XmlWebApplicationContext]Refreshing WebApplicationContext for namespace 'SpringMVC-servlet': startup date [Wed Aug 23 11:06:58 CST 2017]; root of context hierarchy
  [INFO] [2017-08-23 11:06:58][org.springframework.web.servlet.DispatcherServlet]FrameworkServlet 'SpringMVC': initialization completed in 69 ms
  [INFO] [2017-08-23 11:39:57][org.springframework.web.context.support.XmlWebApplicationContext]Closing WebApplicationContext for namespace 'SpringMVC-servlet': startup date [Wed Aug 23 11:06:58 CST 2017]; root of context hierarchy
  [INFO] [2017-08-23 11:39:58][org.springframework.web.servlet.DispatcherServlet]FrameworkServlet 'SpringMVC': initialization started
  [INFO] [2017-08-23 11:39:58][org.springframework.web.context.support.XmlWebApplicationContext]Refreshing WebApplicationContext for namespace 'SpringMVC-servlet': startup date [Wed Aug 23 11:39:58 CST 2017]; root of context hierarchy
  [INFO] [2017-08-23 11:39:58][org.springframework.web.servlet.DispatcherServlet]FrameworkServlet 'SpringMVC': initialization completed in 71 ms
  [WARN] [2017-08-23 11:45:43][org.springframework.web.servlet.PageNotFound]No mapping found for HTTP request with URI [/mycrm/css/bootstrap.css] in DispatcherServlet with name 'SpringMVC'
  [WARN] [2017-08-23 11:47:31][org.springframework.web.servlet.PageNotFound]No mapping found for HTTP request with URI [/mycrm/css/bootstrap.css] in DispatcherServlet with name 'SpringMVC'
  [WARN] [2017-08-23 11:47:31][org.springframework.web.servlet.PageNotFound]No mapping found for HTTP request with URI [/mycrm/css/bootstrap.css] in DispatcherServlet with name 'SpringMVC'
  [WARN] [2017-08-23 11:47:32][org.springframework.web.servlet.PageNotFound]No mapping found for HTTP request with URI [/mycrm/css/bootstrap.css] in DispatcherServlet with name 'SpringMVC'
  [WARN] [2017-08-23 11:54:04][org.springframework.web.servlet.PageNotFound]No mapping found for HTTP request with URI [/mycrm/css/bootstrap.css] in DispatcherServlet with name 'SpringMVC'
  [WARN] [2017-08-23 11:54:04][org.springframework.web.servlet.PageNotFound]No mapping found for HTTP request with URI [/mycrm/js/bootstrap.js] in DispatcherServlet with name 'SpringMVC'
  [WARN] [2017-08-23 11:54:04][org.springframework.web.servlet.PageNotFound]No mapping found for HTTP request with URI [/mycrm/js/bootstrap.js] in DispatcherServlet with name 'SpringMVC'
  [WARN] [2017-08-23 11:54:05][org.springframework.web.servlet.PageNotFound]No mapping found for HTTP request with URI [/mycrm/css/bootstrap.css] in DispatcherServlet with name 'SpringMVC'
  [WARN] [2017-08-23 11:54:05][org.springframework.web.servlet.PageNotFound]No mapping found for HTTP request with URI [/mycrm/js/bootstrap.js] in DispatcherServlet with name 'SpringMVC'
  [WARN] [2017-08-23 11:54:05][org.springframework.web.servlet.PageNotFound]No mapping found for HTTP request with URI [/mycrm/js/bootstrap.js] in DispatcherServlet with name 'SpringMVC'
  [WARN] [2017-08-23 11:54:05][org.springframework.web.servlet.PageNotFound]No mapping found for HTTP request with URI [/mycrm/css/bootstrap.css] in DispatcherServlet with name 'SpringMVC'
  [WARN] [2017-08-23 11:54:05][org.springframework.web.servlet.PageNotFound]No mapping found for HTTP request with URI [/mycrm/js/bootstrap.js] in DispatcherServlet with name 'SpringMVC'
  [WARN] [2017-08-23 11:54:09][org.springframework.web.servlet.PageNotFound]No mapping found for HTTP request with URI [/mycrm/css/bootstrap.css] in DispatcherServlet with name 'SpringMVC'
  [WARN] [2017-08-23 11:54:09][org.springframework.web.servlet.PageNotFound]No mapping found for HTTP request with URI [/mycrm/js/bootstrap.js] in DispatcherServlet with name 'SpringMVC'
  [WARN] [2017-08-23 11:54:09][org.springframework.web.servlet.PageNotFound]No mapping found for HTTP request with URI [/mycrm/js/bootstrap.js] in DispatcherServlet with name 'SpringMVC'
  [WARN] [2017-08-23 11:54:09][org.springframework.web.servlet.PageNotFound]No mapping found for HTTP request with URI [/mycrm/css/bootstrap.css] in DispatcherServlet with name 'SpringMVC'
  [WARN] [2017-08-23 11:54:09][org.springframework.web.servlet.PageNotFound]No mapping found for HTTP request with URI [/mycrm/js/bootstrap.js] in DispatcherServlet with name 'SpringMVC'
  [WARN] [2017-08-23 11:54:09][org.springframework.web.servlet.PageNotFound]No mapping found for HTTP request with URI [/mycrm/js/bootstrap.js] in DispatcherServlet with name 'SpringMVC'
  [WARN] [2017-08-23 11:54:42][org.springframework.web.servlet.PageNotFound]No mapping found for HTTP request with URI [/mycrm/css/bootstrap.css] in DispatcherServlet with name 'SpringMVC'
  [WARN] [2017-08-23 11:54:42][org.springframework.web.servlet.PageNotFound]No mapping found for HTTP request with URI [/mycrm/js/bootstrap.js] in DispatcherServlet with name 'SpringMVC'
  [WARN] [2017-08-23 11:54:42][org.springframework.web.servlet.PageNotFound]No mapping found for HTTP request with URI [/mycrm/js/jquery.min.js] in DispatcherServlet with name 'SpringMVC'
  [WARN] [2017-08-23 11:54:43][org.springframework.web.servlet.PageNotFound]No mapping found for HTTP request with URI [/mycrm/js/bootstrap.js] in DispatcherServlet with name 'SpringMVC'
  [WARN] [2017-08-23 11:54:43][org.springframework.web.servlet.PageNotFound]No mapping found for HTTP request with URI [/mycrm/js/jquery.min.js] in DispatcherServlet with name 'SpringMVC'
  [WARN] [2017-08-23 11:54:43][org.springframework.web.servlet.PageNotFound]No mapping found for HTTP request with URI [/mycrm/css/bootstrap.css] in DispatcherServlet with name 'SpringMVC'
  [WARN] [2017-08-23 11:54:43][org.springframework.web.servlet.PageNotFound]No mapping found for HTTP request with URI [/mycrm/js/jquery.min.js] in DispatcherServlet with name 'SpringMVC'
  [WARN] [2017-08-23 11:54:43][org.springframework.web.servlet.PageNotFound]No mapping found for HTTP request with URI [/mycrm/js/bootstrap.js] in DispatcherServlet with name 'SpringMVC'
  [WARN] [2017-08-23 11:54:43][org.springframework.web.servlet.PageNotFound]No mapping found for HTTP request with URI [/mycrm/css/bootstrap.css] in DispatcherServlet with name 'SpringMVC'
  [WARN] [2017-08-23 11:54:43][org.springframework.web.servlet.PageNotFound]No mapping found for HTTP request with URI [/mycrm/js/bootstrap.js] in DispatcherServlet with name 'SpringMVC'
  [WARN] [2017-08-23 11:54:43][org.springframework.web.servlet.PageNotFound]No mapping found for HTTP request with URI [/mycrm/css/bootstrap.css] in DispatcherServlet with name 'SpringMVC'
  [WARN] [2017-08-23 11:54:43][org.springframework.web.servlet.PageNotFound]No mapping found for HTTP request with URI [/mycrm/js/bootstrap.js] in DispatcherServlet with name 'SpringMVC'
  [WARN] [2017-08-23 11:54:43][org.springframework.web.servlet.PageNotFound]No mapping found for HTTP request with URI [/mycrm/js/jquery.min.js] in DispatcherServlet with name 'SpringMVC'
  [WARN] [2017-08-23 11:54:43][org.springframework.web.servlet.PageNotFound]No mapping found for HTTP request with URI [/mycrm/js/bootstrap.js] in DispatcherServlet with name 'SpringMVC'
  [WARN] [2017-08-23 11:54:44][org.springframework.web.servlet.PageNotFound]No mapping found for HTTP request with URI [/mycrm/css/bootstrap.css] in DispatcherServlet with name 'SpringMVC'
  [WARN] [2017-08-23 11:54:44][org.springframework.web.servlet.PageNotFound]No mapping found for HTTP request with URI [/mycrm/js/bootstrap.js] in DispatcherServlet with name 'SpringMVC'
  [WARN] [2017-08-23 11:54:44][org.springframework.web.servlet.PageNotFound]No mapping found for HTTP request with URI [/mycrm/js/jquery.min.js] in DispatcherServlet with name 'SpringMVC'
  [WARN] [2017-08-23 11:54:45][org.springframework.web.servlet.PageNotFound]No mapping found for HTTP request with URI [/mycrm/css/bootstrap.css] in DispatcherServlet with name 'SpringMVC'
  [WARN] [2017-08-23 11:54:45][org.springframework.web.servlet.PageNotFound]No mapping found for HTTP request with URI [/mycrm/js/jquery.min.js] in DispatcherServlet with name 'SpringMVC'
  [WARN] [2017-08-23 11:54:45][org.springframework.web.servlet.PageNotFound]No mapping found for HTTP request with URI [/mycrm/js/bootstrap.js] in DispatcherServlet with name 'SpringMVC'
  [WARN] [2017-08-23 11:54:46][org.springframework.web.servlet.PageNotFound]No mapping found for HTTP request with URI [/mycrm/js/jquery.min.js] in DispatcherServlet with name 'SpringMVC'
  [WARN] [2017-08-23 11:54:46][org.springframework.web.servlet.PageNotFound]No mapping found for HTTP request with URI [/mycrm/css/bootstrap.css] in DispatcherServlet with name 'SpringMVC'
  [WARN] [2017-08-23 11:54:46][org.springframework.web.servlet.PageNotFound]No mapping found for HTTP request with URI [/mycrm/js/bootstrap.js] in DispatcherServlet with name 'SpringMVC'
  [WARN] [2017-08-23 11:54:46][org.springframework.web.servlet.PageNotFound]No mapping found for HTTP request with URI [/mycrm/js/jquery.min.js] in DispatcherServlet with name 'SpringMVC'
  [WARN] [2017-08-23 11:54:46][org.springframework.web.servlet.PageNotFound]No mapping found for HTTP request with URI [/mycrm/js/bootstrap.js] in DispatcherServlet with name 'SpringMVC'
  [WARN] [2017-08-23 11:54:46][org.springframework.web.servlet.PageNotFound]No mapping found for HTTP request with URI [/mycrm/css/bootstrap.css] in DispatcherServlet with name 'SpringMVC'
  [WARN] [2017-08-23 11:54:46][org.springframework.web.servlet.PageNotFound]No mapping found for HTTP request with URI [/mycrm/js/bootstrap.js] in DispatcherServlet with name 'SpringMVC'
  [WARN] [2017-08-23 11:54:46][org.springframework.web.servlet.PageNotFound]No mapping found for HTTP request with URI [/mycrm/js/jquery.min.js] in DispatcherServlet with name 'SpringMVC'
  [WARN] [2017-08-23 11:54:46][org.springframework.web.servlet.PageNotFound]No mapping found for HTTP request with URI [/mycrm/js/bootstrap.js] in DispatcherServlet with name 'SpringMVC'
  [WARN] [2017-08-23 11:54:46][org.springframework.web.servlet.PageNotFound]No mapping found for HTTP request with URI [/mycrm/css/bootstrap.css] in DispatcherServlet with name 'SpringMVC'
  [WARN] [2017-08-23 11:54:46][org.springframework.web.servlet.PageNotFound]No mapping found for HTTP request with URI [/mycrm/js/bootstrap.js] in DispatcherServlet with name 'SpringMVC'
  [WARN] [2017-08-23 11:54:46][org.springframework.web.servlet.PageNotFound]No mapping found for HTTP request with URI [/mycrm/js/jquery.min.js] in DispatcherServlet with name 'SpringMVC'
  [WARN] [2017-08-23 11:54:46][org.springframework.web.servlet.PageNotFound]No mapping found for HTTP request with URI [/mycrm/js/bootstrap.js] in DispatcherServlet with name 'SpringMVC'
  [WARN] [2017-08-23 11:54:46][org.springframework.web.servlet.PageNotFound]No mapping found for HTTP request with URI [/mycrm/css/bootstrap.css] in DispatcherServlet with name 'SpringMVC'
  [WARN] [2017-08-23 11:54:46][org.springframework.web.servlet.PageNotFound]No mapping found for HTTP request with URI [/mycrm/js/bootstrap.js] in DispatcherServlet with name 'SpringMVC'
  [WARN] [2017-08-23 11:54:46][org.springframework.web.servlet.PageNotFound]No mapping found for HTTP request with URI [/mycrm/js/bootstrap.js] in DispatcherServlet with name 'SpringMVC'
  [WARN] [2017-08-23 11:54:46][org.springframework.web.servlet.PageNotFound]No mapping found for HTTP request with URI [/mycrm/js/jquery.min.js] in DispatcherServlet with name 'SpringMVC'
  [WARN] [2017-08-23 11:54:46][org.springframework.web.servlet.PageNotFound]No mapping found for HTTP request with URI [/mycrm/css/bootstrap.css] in DispatcherServlet with name 'SpringMVC'
  [WARN] [2017-08-23 11:54:46][org.springframework.web.servlet.PageNotFound]No mapping found for HTTP request with URI [/mycrm/js/bootstrap.js] in DispatcherServlet with name 'SpringMVC'
  [WARN] [2017-08-23 11:54:47][org.springframework.web.servlet.PageNotFound]No mapping found for HTTP request with URI [/mycrm/css/bootstrap.css] in DispatcherServlet with name 'SpringMVC'
  [WARN] [2017-08-23 11:54:47][org.springframework.web.servlet.PageNotFound]No mapping found for HTTP request with URI [/mycrm/js/bootstrap.js] in DispatcherServlet with name 'SpringMVC'
  [WARN] [2017-08-23 11:54:47][org.springframework.web.servlet.PageNotFound]No mapping found for HTTP request with URI [/mycrm/js/jquery.min.js] in DispatcherServlet with name 'SpringMVC'
  [WARN] [2017-08-23 11:54:47][org.springframework.web.servlet.PageNotFound]No mapping found for HTTP request with URI [/mycrm/js/bootstrap.js] in DispatcherServlet with name 'SpringMVC'
  [WARN] [2017-08-23 11:54:47][org.springframework.web.servlet.PageNotFound]No mapping found for HTTP request with URI [/mycrm/css/bootstrap.css] in DispatcherServlet with name 'SpringMVC'
  [WARN] [2017-08-23 11:54:47][org.springframework.web.servlet.PageNotFound]No mapping found for HTTP request with URI [/mycrm/js/jquery.min.js] in DispatcherServlet with name 'SpringMVC'
  [WARN] [2017-08-23 11:54:47][org.springframework.web.servlet.PageNotFound]No mapping found for HTTP request with URI [/mycrm/js/bootstrap.js] in DispatcherServlet with name 'SpringMVC'
  [WARN] [2017-08-23 11:54:47][org.springframework.web.servlet.PageNotFound]No mapping found for HTTP request with URI [/mycrm/css/bootstrap.css] in DispatcherServlet with name 'SpringMVC'
  [WARN] [2017-08-23 11:54:47][org.springframework.web.servlet.PageNotFound]No mapping found for HTTP request with URI [/mycrm/js/bootstrap.js] in DispatcherServlet with name 'SpringMVC'
  [WARN] [2017-08-23 11:54:47][org.springframework.web.servlet.PageNotFound]No mapping found for HTTP request with URI [/mycrm/js/jquery.min.js] in DispatcherServlet with name 'SpringMVC'
  [WARN] [2017-08-23 11:54:47][org.springframework.web.servlet.PageNotFound]No mapping found for HTTP request with URI [/mycrm/js/bootstrap.js] in DispatcherServlet with name 'SpringMVC'
  [WARN] [2017-08-23 11:54:47][org.springframework.web.servlet.PageNotFound]No mapping found for HTTP request with URI [/mycrm/css/bootstrap.css] in DispatcherServlet with name 'SpringMVC'
  [WARN] [2017-08-23 11:54:47][org.springframework.web.servlet.PageNotFound]No mapping found for HTTP request with URI [/mycrm/js/bootstrap.js] in DispatcherServlet with name 'SpringMVC'
  [WARN] [2017-08-23 11:54:47][org.springframework.web.servlet.PageNotFound]No mapping found for HTTP request with URI [/mycrm/js/jquery.min.js] in DispatcherServlet with name 'SpringMVC'
  [WARN] [2017-08-23 11:54:47][org.springframework.web.servlet.PageNotFound]No mapping found for HTTP request with URI [/mycrm/js/bootstrap.js] in DispatcherServlet with name 'SpringMVC'
  [WARN] [2017-08-23 11:54:47][org.springframework.web.servlet.PageNotFound]No mapping found for HTTP request with URI [/mycrm/css/bootstrap.css] in DispatcherServlet with name 'SpringMVC'
  [WARN] [2017-08-23 11:54:47][org.springframework.web.servlet.PageNotFound]No mapping found for HTTP request with URI [/mycrm/js/jquery.min.js] in DispatcherServlet with name 'SpringMVC'
  [WARN] [2017-08-23 11:54:47][org.springframework.web.servlet.PageNotFound]No mapping found for HTTP request with URI [/mycrm/js/bootstrap.js] in DispatcherServlet with name 'SpringMVC'
  [WARN] [2017-08-23 11:56:04][org.springframework.web.servlet.PageNotFound]No mapping found for HTTP request with URI [/mycrm/css/bootstrap.css] in DispatcherServlet with name 'SpringMVC'
  [WARN] [2017-08-23 11:56:04][org.springframework.web.servlet.PageNotFound]No mapping found for HTTP request with URI [/mycrm/js/jquery.min.js] in DispatcherServlet with name 'SpringMVC'
  [WARN] [2017-08-23 11:56:04][org.springframework.web.servlet.PageNotFound]No mapping found for HTTP request with URI [/mycrm/js/bootstrap.js] in DispatcherServlet with name 'SpringMVC'
  [WARN] [2017-08-23 11:56:05][org.springframework.web.servlet.PageNotFound]No mapping found for HTTP request with URI [/mycrm/css/bootstrap.css] in DispatcherServlet with name 'SpringMVC'
  [WARN] [2017-08-23 11:56:05][org.springframework.web.servlet.PageNotFound]No mapping found for HTTP request with URI [/mycrm/js/jquery.min.js] in DispatcherServlet with name 'SpringMVC'
  [WARN] [2017-08-23 11:56:05][org.springframework.web.servlet.PageNotFound]No mapping found for HTTP request with URI [/mycrm/js/bootstrap.js] in DispatcherServlet with name 'SpringMVC'
  [WARN] [2017-08-23 11:56:05][org.springframework.web.servlet.PageNotFound]No mapping found for HTTP request with URI [/mycrm/js/jquery.min.js] in DispatcherServlet with name 'SpringMVC'
  [WARN] [2017-08-23 11:56:05][org.springframework.web.servlet.PageNotFound]No mapping found for HTTP request with URI [/mycrm/css/bootstrap.css] in DispatcherServlet with name 'SpringMVC'
  [WARN] [2017-08-23 11:56:05][org.springframework.web.servlet.PageNotFound]No mapping found for HTTP request with URI [/mycrm/js/bootstrap.js] in DispatcherServlet with name 'SpringMVC'
  [WARN] [2017-08-23 11:56:05][org.springframework.web.servlet.PageNotFound]No mapping found for HTTP request with URI [/mycrm/js/bootstrap.js] in DispatcherServlet with name 'SpringMVC'
  [WARN] [2017-08-23 11:56:05][org.springframework.web.servlet.PageNotFound]No mapping found for HTTP request with URI [/mycrm/css/bootstrap.css] in DispatcherServlet with name 'SpringMVC'
  [WARN] [2017-08-23 11:56:05][org.springframework.web.servlet.PageNotFound]No mapping found for HTTP request with URI [/mycrm/js/bootstrap.js] in DispatcherServlet with name 'SpringMVC'
  [WARN] [2017-08-23 11:56:05][org.springframework.web.servlet.PageNotFound]No mapping found for HTTP request with URI [/mycrm/js/jquery.min.js] in DispatcherServlet with name 'SpringMVC'
  [WARN] [2017-08-23 11:56:05][org.springframework.web.servlet.PageNotFound]No mapping found for HTTP request with URI [/mycrm/js/bootstrap.js] in DispatcherServlet with name 'SpringMVC'
  [WARN] [2017-08-23 11:56:05][org.springframework.web.servlet.PageNotFound]No mapping found for HTTP request with URI [/mycrm/css/bootstrap.css] in DispatcherServlet with name 'SpringMVC'
  [WARN] [2017-08-23 11:56:05][org.springframework.web.servlet.PageNotFound]No mapping found for HTTP request with URI [/mycrm/js/jquery.min.js] in DispatcherServlet with name 'SpringMVC'
  [WARN] [2017-08-23 11:56:05][org.springframework.web.servlet.PageNotFound]No mapping found for HTTP request with URI [/mycrm/js/bootstrap.js] in DispatcherServlet with name 'SpringMVC'
  [WARN] [2017-08-23 11:56:05][org.springframework.web.servlet.PageNotFound]No mapping found for HTTP request with URI [/mycrm/js/bootstrap.js] in DispatcherServlet with name 'SpringMVC'
  [WARN] [2017-08-23 11:56:06][org.springframework.web.servlet.PageNotFound]No mapping found for HTTP request with URI [/mycrm/js/bootstrap.js] in DispatcherServlet with name 'SpringMVC'
  [WARN] [2017-08-23 11:56:06][org.springframework.web.servlet.PageNotFound]No mapping found for HTTP request with URI [/mycrm/css/bootstrap.css] in DispatcherServlet with name 'SpringMVC'
  [WARN] [2017-08-23 11:56:06][org.springframework.web.servlet.PageNotFound]No mapping found for HTTP request with URI [/mycrm/js/jquery.min.js] in DispatcherServlet with name 'SpringMVC'
  [WARN] [2017-08-23 11:56:06][org.springframework.web.servlet.PageNotFound]No mapping found for HTTP request with URI [/mycrm/js/bootstrap.js] in DispatcherServlet with name 'SpringMVC'
  [WARN] [2017-08-23 11:56:06][org.springframework.web.servlet.PageNotFound]No mapping found for HTTP request with URI [/mycrm/js/jquery.min.js] in DispatcherServlet with name 'SpringMVC'
  [WARN] [2017-08-23 11:56:06][org.springframework.web.servlet.PageNotFound]No mapping found for HTTP request with URI [/mycrm/css/bootstrap.css] in DispatcherServlet with name 'SpringMVC'
  [WARN] [2017-08-23 11:56:06][org.springframework.web.servlet.PageNotFound]No mapping found for HTTP request with URI [/mycrm/js/bootstrap.js] in DispatcherServlet with name 'SpringMVC'
  [WARN] [2017-08-23 11:56:32][org.springframework.web.servlet.PageNotFound]No mapping found for HTTP request with URI [/mycrm/js/jquery.min.js] in DispatcherServlet with name 'SpringMVC'
  [WARN] [2017-08-23 11:56:32][org.springframework.web.servlet.PageNotFound]No mapping found for HTTP request with URI [/mycrm/js/bootstrap.js] in DispatcherServlet with name 'SpringMVC'
  [INFO] [2017-08-23 11:59:48][org.springframework.web.context.support.XmlWebApplicationContext]Closing WebApplicationContext for namespace 'SpringMVC-servlet': startup date [Wed Aug 23 11:39:58 CST 2017]; root of context hierarchy
  [INFO] [2017-08-23 11:59:48][org.springframework.web.servlet.DispatcherServlet]FrameworkServlet 'SpringMVC': initialization started
  [INFO] [2017-08-23 11:59:48][org.springframework.web.context.support.XmlWebApplicationContext]Refreshing WebApplicationContext for namespace 'SpringMVC-servlet': startup date [Wed Aug 23 11:59:48 CST 2017]; root of context hierarchy
  [INFO] [2017-08-23 11:59:48][org.springframework.web.servlet.DispatcherServlet]FrameworkServlet 'SpringMVC': initialization completed in 113 ms
  [WARN] [2017-08-23 12:01:29][org.springframework.web.servlet.PageNotFound]No mapping found for HTTP request with URI [/mycrm/js/jquery.min.js] in DispatcherServlet with name 'SpringMVC'
  [WARN] [2017-08-23 12:01:29][org.springframework.web.servlet.PageNotFound]No mapping found for HTTP request with URI [/mycrm/css/bootstrap.css] in DispatcherServlet with name 'SpringMVC'
  [WARN] [2017-08-23 12:01:29][org.springframework.web.servlet.PageNotFound]No mapping found for HTTP request with URI [/mycrm/js/bootstrap.js] in DispatcherServlet with name 'SpringMVC'
  [WARN] [2017-08-23 12:01:29][org.springframework.web.servlet.PageNotFound]No mapping found for HTTP request with URI [/mycrm/js/bootstrap.js] in DispatcherServlet with name 'SpringMVC'
  [WARN] [2017-08-23 12:01:30][org.springframework.web.servlet.PageNotFound]No mapping found for HTTP request with URI [/mycrm/js/jquery.min.js] in DispatcherServlet with name 'SpringMVC'
  [WARN] [2017-08-23 12:01:30][org.springframework.web.servlet.PageNotFound]No mapping found for HTTP request with URI [/mycrm/js/bootstrap.js] in DispatcherServlet with name 'SpringMVC'
  [WARN] [2017-08-23 12:01:30][org.springframework.web.servlet.PageNotFound]No mapping found for HTTP request with URI [/mycrm/css/bootstrap.css] in DispatcherServlet with name 'SpringMVC'
  [WARN] [2017-08-23 12:01:30][org.springframework.web.servlet.PageNotFound]No mapping found for HTTP request with URI [/mycrm/js/bootstrap.js] in DispatcherServlet with name 'SpringMVC'
  [WARN] [2017-08-23 12:01:31][org.springframework.web.servlet.PageNotFound]No mapping found for HTTP request with URI [/mycrm/js/jquery.min.js] in DispatcherServlet with name 'SpringMVC'
  [WARN] [2017-08-23 12:01:31][org.springframework.web.servlet.PageNotFound]No mapping found for HTTP request with URI [/mycrm/css/bootstrap.css] in DispatcherServlet with name 'SpringMVC'
  [WARN] [2017-08-23 12:01:31][org.springframework.web.servlet.PageNotFound]No mapping found for HTTP request with URI [/mycrm/js/bootstrap.js] in DispatcherServlet with name 'SpringMVC'
  [WARN] [2017-08-23 12:01:31][org.springframework.web.servlet.PageNotFound]No mapping found for HTTP request with URI [/mycrm/js/bootstrap.js] in DispatcherServlet with name 'SpringMVC'
  [WARN] [2017-08-23 12:01:31][org.springframework.web.servlet.PageNotFound]No mapping found for HTTP request with URI [/mycrm/js/bootstrap.js] in DispatcherServlet with name 'SpringMVC'
  [WARN] [2017-08-23 12:01:31][org.springframework.web.servlet.PageNotFound]No mapping found for HTTP request with URI [/mycrm/css/bootstrap.css] in DispatcherServlet with name 'SpringMVC'
  [WARN] [2017-08-23 12:01:31][org.springframework.web.servlet.PageNotFound]No mapping found for HTTP request with URI [/mycrm/js/jquery.min.js] in DispatcherServlet with name 'SpringMVC'
  [WARN] [2017-08-23 12:01:31][org.springframework.web.servlet.PageNotFound]No mapping found for HTTP request with URI [/mycrm/js/bootstrap.js] in DispatcherServlet with name 'SpringMVC'
  [WARN] [2017-08-23 12:01:32][org.springframework.web.servlet.PageNotFound]No mapping found for HTTP request with URI [/mycrm/css/bootstrap.css] in DispatcherServlet with name 'SpringMVC'
  [WARN] [2017-08-23 12:01:32][org.springframework.web.servlet.PageNotFound]No mapping found for HTTP request with URI [/mycrm/js/bootstrap.js] in DispatcherServlet with name 'SpringMVC'
  [WARN] [2017-08-23 12:01:32][org.springframework.web.servlet.PageNotFound]No mapping found for HTTP request with URI [/mycrm/js/jquery.min.js] in DispatcherServlet with name 'SpringMVC'
  [WARN] [2017-08-23 12:01:32][org.springframework.web.servlet.PageNotFound]No mapping found for HTTP request with URI [/mycrm/js/bootstrap.js] in DispatcherServlet with name 'SpringMVC'
  [INFO] [2017-08-23 12:02:38][org.springframework.web.context.support.XmlWebApplicationContext]Closing WebApplicationContext for namespace 'SpringMVC-servlet': startup date [Wed Aug 23 11:59:48 CST 2017]; root of context hierarchy
  [INFO] [2017-08-23 12:02:38][org.springframework.web.servlet.DispatcherServlet]FrameworkServlet 'SpringMVC': initialization started
  [INFO] [2017-08-23 12:02:38][org.springframework.web.context.support.XmlWebApplicationContext]Refreshing WebApplicationContext for namespace 'SpringMVC-servlet': startup date [Wed Aug 23 12:02:38 CST 2017]; root of context hierarchy
  [INFO] [2017-08-23 12:02:38][org.springframework.web.servlet.DispatcherServlet]FrameworkServlet 'SpringMVC': initialization completed in 74 ms
  [WARN] [2017-08-23 12:02:40][org.springframework.web.servlet.PageNotFound]No mapping found for HTTP request with URI [/mycrm/css/bootstrap.css] in DispatcherServlet with name 'SpringMVC'
  [WARN] [2017-08-23 12:02:40][org.springframework.web.servlet.PageNotFound]No mapping found for HTTP request with URI [/mycrm/js/jquery.min.js] in DispatcherServlet with name 'SpringMVC'
  [WARN] [2017-08-23 12:02:40][org.springframework.web.servlet.PageNotFound]No mapping found for HTTP request with URI [/mycrm/js/bootstrap.js] in DispatcherServlet with name 'SpringMVC'
  [WARN] [2017-08-23 12:02:40][org.springframework.web.servlet.PageNotFound]No mapping found for HTTP request with URI [/mycrm/js/bootstrap.js] in DispatcherServlet with name 'SpringMVC'
  [WARN] [2017-08-23 12:02:41][org.springframework.web.servlet.PageNotFound]No mapping found for HTTP request with URI [/mycrm/css/bootstrap.css] in DispatcherServlet with name 'SpringMVC'
  [WARN] [2017-08-23 12:02:41][org.springframework.web.servlet.PageNotFound]No mapping found for HTTP request with URI [/mycrm/js/bootstrap.js] in DispatcherServlet with name 'SpringMVC'
  [WARN] [2017-08-23 12:02:41][org.springframework.web.servlet.PageNotFound]No mapping found for HTTP request with URI [/mycrm/js/jquery.min.js] in DispatcherServlet with name 'SpringMVC'
  [WARN] [2017-08-23 12:02:41][org.springframework.web.servlet.PageNotFound]No mapping found for HTTP request with URI [/mycrm/js/bootstrap.js] in DispatcherServlet with name 'SpringMVC'
  [WARN] [2017-08-23 12:02:41][org.springframework.web.servlet.PageNotFound]No mapping found for HTTP request with URI [/mycrm/js/jquery.min.js] in DispatcherServlet with name 'SpringMVC'
  [WARN] [2017-08-23 12:02:41][org.springframework.web.servlet.PageNotFound]No mapping found for HTTP request with URI [/mycrm/css/bootstrap.css] in DispatcherServlet with name 'SpringMVC'
  [WARN] [2017-08-23 12:02:41][org.springframework.web.servlet.PageNotFound]No mapping found for HTTP request with URI [/mycrm/js/bootstrap.js] in DispatcherServlet with name 'SpringMVC'
  [WARN] [2017-08-23 12:02:41][org.springframework.web.servlet.PageNotFound]No mapping found for HTTP request with URI [/mycrm/js/bootstrap.js] in DispatcherServlet with name 'SpringMVC'
  [WARN] [2017-08-23 12:02:42][org.springframework.web.servlet.PageNotFound]No mapping found for HTTP request with URI [/mycrm/js/jquery.min.js] in DispatcherServlet with name 'SpringMVC'
  [WARN] [2017-08-23 12:02:42][org.springframework.web.servlet.PageNotFound]No mapping found for HTTP request with URI [/mycrm/css/bootstrap.css] in DispatcherServlet with name 'SpringMVC'
  [WARN] [2017-08-23 12:02:42][org.springframework.web.servlet.PageNotFound]No mapping found for HTTP request with URI [/mycrm/js/bootstrap.js] in DispatcherServlet with name 'SpringMVC'
  [WARN] [2017-08-23 12:02:42][org.springframework.web.servlet.PageNotFound]No mapping found for HTTP request with URI [/mycrm/js/bootstrap.js] in DispatcherServlet with name 'SpringMVC'
  [WARN] [2017-08-23 12:02:42][org.springframework.web.servlet.PageNotFound]No mapping found for HTTP request with URI [/mycrm/css/bootstrap.css] in DispatcherServlet with name 'SpringMVC'
  [WARN] [2017-08-23 12:02:42][org.springframework.web.servlet.PageNotFound]No mapping found for HTTP request with URI [/mycrm/js/jquery.min.js] in DispatcherServlet with name 'SpringMVC'
  [WARN] [2017-08-23 12:02:42][org.springframework.web.servlet.PageNotFound]No mapping found for HTTP request with URI [/mycrm/js/bootstrap.js] in DispatcherServlet with name 'SpringMVC'
  [WARN] [2017-08-23 12:02:43][org.springframework.web.servlet.PageNotFound]No mapping found for HTTP request with URI [/mycrm/css/bootstrap.css] in DispatcherServlet with name 'SpringMVC'
  [WARN] [2017-08-23 12:02:43][org.springframework.web.servlet.PageNotFound]No mapping found for HTTP request with URI [/mycrm/js/bootstrap.js] in DispatcherServlet with name 'SpringMVC'
  [WARN] [2017-08-23 12:02:43][org.springframework.web.servlet.PageNotFound]No mapping found for HTTP request with URI [/mycrm/js/jquery.min.js] in DispatcherServlet with name 'SpringMVC'
  [WARN] [2017-08-23 12:02:43][org.springframework.web.servlet.PageNotFound]No mapping found for HTTP request with URI [/mycrm/js/bootstrap.js] in DispatcherServlet with name 'SpringMVC'
  [WARN] [2017-08-23 12:02:43][org.springframework.web.servlet.PageNotFound]No mapping found for HTTP request with URI [/mycrm/css/bootstrap.css] in DispatcherServlet with name 'SpringMVC'
  [WARN] [2017-08-23 12:02:43][org.springframework.web.servlet.PageNotFound]No mapping found for HTTP request with URI [/mycrm/js/jquery.min.js] in DispatcherServlet with name 'SpringMVC'
  [WARN] [2017-08-23 12:02:43][org.springframework.web.servlet.PageNotFound]No mapping found for HTTP request with URI [/mycrm/js/bootstrap.js] in DispatcherServlet with name 'SpringMVC'
  [WARN] [2017-08-23 12:02:43][org.springframework.web.servlet.PageNotFound]No mapping found for HTTP request with URI [/mycrm/css/bootstrap.css] in DispatcherServlet with name 'SpringMVC'
  [WARN] [2017-08-23 12:02:43][org.springframework.web.servlet.PageNotFound]No mapping found for HTTP request with URI [/mycrm/js/jquery.min.js] in DispatcherServlet with name 'SpringMVC'
  [WARN] [2017-08-23 12:02:43][org.springframework.web.servlet.PageNotFound]No mapping found for HTTP request with URI [/mycrm/js/bootstrap.js] in DispatcherServlet with name 'SpringMVC'
  [WARN] [2017-08-23 12:02:43][org.springframework.web.servlet.PageNotFound]No mapping found for HTTP request with URI [/mycrm/css/bootstrap.css] in DispatcherServlet with name 'SpringMVC'
  [WARN] [2017-08-23 12:02:43][org.springframework.web.servlet.PageNotFound]No mapping found for HTTP request with URI [/mycrm/js/bootstrap.js] in DispatcherServlet with name 'SpringMVC'
  [WARN] [2017-08-23 12:02:43][org.springframework.web.servlet.PageNotFound]No mapping found for HTTP request with URI [/mycrm/js/jquery.min.js] in DispatcherServlet with name 'SpringMVC'
  [WARN] [2017-08-23 12:02:43][org.springframework.web.servlet.PageNotFound]No mapping found for HTTP request with URI [/mycrm/js/bootstrap.js] in DispatcherServlet with name 'SpringMVC'
  [WARN] [2017-08-23 12:02:44][org.springframework.web.servlet.PageNotFound]No mapping found for HTTP request with URI [/mycrm/css/bootstrap.css] in DispatcherServlet with name 'SpringMVC'
  [WARN] [2017-08-23 12:02:44][org.springframework.web.servlet.PageNotFound]No mapping found for HTTP request with URI [/mycrm/js/jquery.min.js] in DispatcherServlet with name 'SpringMVC'
  [WARN] [2017-08-23 12:02:44][org.springframework.web.servlet.PageNotFound]No mapping found for HTTP request with URI [/mycrm/js/bootstrap.js] in DispatcherServlet with name 'SpringMVC'
  [WARN] [2017-08-23 12:02:45][org.springframework.web.servlet.PageNotFound]No mapping found for HTTP request with URI [/mycrm/js/bootstrap.js] in DispatcherServlet with name 'SpringMVC'
  [WARN] [2017-08-23 12:02:45][org.springframework.web.servlet.PageNotFound]No mapping found for HTTP request with URI [/mycrm/css/bootstrap.css] in DispatcherServlet with name 'SpringMVC'
  [WARN] [2017-08-23 12:02:45][org.springframework.web.servlet.PageNotFound]No mapping found for HTTP request with URI [/mycrm/js/jquery.min.js] in DispatcherServlet with name 'SpringMVC'
  [WARN] [2017-08-23 12:02:45][org.springframework.web.servlet.PageNotFound]No mapping found for HTTP request with URI [/mycrm/js/bootstrap.js] in DispatcherServlet with name 'SpringMVC'
  [WARN] [2017-08-23 12:02:46][org.springframework.web.servlet.PageNotFound]No mapping found for HTTP request with URI [/mycrm/css/bootstrap.css] in DispatcherServlet with name 'SpringMVC'
  [WARN] [2017-08-23 12:02:46][org.springframework.web.servlet.PageNotFound]No mapping found for HTTP request with URI [/mycrm/js/bootstrap.js] in DispatcherServlet with name 'SpringMVC'
  [WARN] [2017-08-23 12:02:46][org.springframework.web.servlet.PageNotFound]No mapping found for HTTP request with URI [/mycrm/js/jquery.min.js] in DispatcherServlet with name 'SpringMVC'
  [WARN] [2017-08-23 12:02:46][org.springframework.web.servlet.PageNotFound]No mapping found for HTTP request with URI [/mycrm/js/bootstrap.js] in DispatcherServlet with name 'SpringMVC'
  [WARN] [2017-08-23 12:02:47][org.springframework.web.servlet.PageNotFound]No mapping found for HTTP request with URI [/mycrm/js/bootstrap.js] in DispatcherServlet with name 'SpringMVC'
  [WARN] [2017-08-23 12:02:47][org.springframework.web.servlet.PageNotFound]No mapping found for HTTP request with URI [/mycrm/js/jquery.min.js] in DispatcherServlet with name 'SpringMVC'
  [WARN] [2017-08-23 12:02:47][org.springframework.web.servlet.PageNotFound]No mapping found for HTTP request with URI [/mycrm/css/bootstrap.css] in DispatcherServlet with name 'SpringMVC'
  [WARN] [2017-08-23 12:02:47][org.springframework.web.servlet.PageNotFound]No mapping found for HTTP request with URI [/mycrm/js/bootstrap.js] in DispatcherServlet with name 'SpringMVC'
  [INFO] [2017-08-23 12:33:48][org.springframework.web.context.support.XmlWebApplicationContext]Closing WebApplicationContext for namespace 'SpringMVC-servlet': startup date [Wed Aug 23 12:02:38 CST 2017]; root of context hierarchy
  [INFO] [2017-08-23 12:33:48][org.springframework.web.servlet.DispatcherServlet]FrameworkServlet 'SpringMVC': initialization started
  [INFO] [2017-08-23 12:33:48][org.springframework.web.context.support.XmlWebApplicationContext]Refreshing WebApplicationContext for namespace 'SpringMVC-servlet': startup date [Wed Aug 23 12:33:48 CST 2017]; root of context hierarchy
  [INFO] [2017-08-23 12:33:48][org.springframework.web.servlet.DispatcherServlet]FrameworkServlet 'SpringMVC': initialization completed in 129 ms
  [WARN] [2017-08-23 12:33:51][org.springframework.web.servlet.PageNotFound]No mapping found for HTTP request with URI [/mycrm/css/bootstrap.css.map] in DispatcherServlet with name 'SpringMVC'
  [INFO] [2017-08-23 12:34:18][org.springframework.web.context.support.XmlWebApplicationContext]Closing WebApplicationContext for namespace 'SpringMVC-servlet': startup date [Wed Aug 23 12:33:48 CST 2017]; root of context hierarchy
  [INFO] [2017-08-23 12:34:18][org.springframework.web.servlet.DispatcherServlet]FrameworkServlet 'SpringMVC': initialization started
  [INFO] [2017-08-23 12:34:18][org.springframework.web.context.support.XmlWebApplicationContext]Refreshing WebApplicationContext for namespace 'SpringMVC-servlet': startup date [Wed Aug 23 12:34:18 CST 2017]; root of context hierarchy
  [INFO] [2017-08-23 12:34:18][org.springframework.web.servlet.DispatcherServlet]FrameworkServlet 'SpringMVC': initialization completed in 72 ms
  [INFO] [2017-08-23 12:34:28][org.springframework.web.context.support.XmlWebApplicationContext]Closing WebApplicationContext for namespace 'SpringMVC-servlet': startup date [Wed Aug 23 12:34:18 CST 2017]; root of context hierarchy
  [INFO] [2017-08-23 12:34:28][org.springframework.web.servlet.DispatcherServlet]FrameworkServlet 'SpringMVC': initialization started
  [INFO] [2017-08-23 12:34:28][org.springframework.web.context.support.XmlWebApplicationContext]Refreshing WebApplicationContext for namespace 'SpringMVC-servlet': startup date [Wed Aug 23 12:34:28 CST 2017]; root of context hierarchy
  [INFO] [2017-08-23 12:34:28][org.springframework.web.servlet.DispatcherServlet]FrameworkServlet 'SpringMVC': initialization completed in 72 ms
  [WARN] [2017-08-23 12:34:33][org.springframework.web.servlet.PageNotFound]No mapping found for HTTP request with URI [/mycrm/css/bootstrap.css.map] in DispatcherServlet with name 'SpringMVC'
  [WARN] [2017-08-23 12:34:42][org.springframework.web.servlet.PageNotFound]No mapping found for HTTP request with URI [/mycrm/css/bootstrap.css.map] in DispatcherServlet with name 'SpringMVC'
  [WARN] [2017-08-23 12:34:45][org.springframework.web.servlet.PageNotFound]No mapping found for HTTP request with URI [/mycrm/css/bootstrap.css.map] in DispatcherServlet with name 'SpringMVC'
  [WARN] [2017-08-23 12:34:45][org.springframework.web.servlet.PageNotFound]No mapping found for HTTP request with URI [/mycrm/css/bootstrap.css.map] in DispatcherServlet with name 'SpringMVC'
  [WARN] [2017-08-23 12:34:46][org.springframework.web.servlet.PageNotFound]No mapping found for HTTP request with URI [/mycrm/css/bootstrap.css.map] in DispatcherServlet with name 'SpringMVC'
  [WARN] [2017-08-23 12:34:47][org.springframework.web.servlet.PageNotFound]No mapping found for HTTP request with URI [/mycrm/css/bootstrap.css.map] in DispatcherServlet with name 'SpringMVC'
  [WARN] [2017-08-23 12:34:47][org.springframework.web.servlet.PageNotFound]No mapping found for HTTP request with URI [/mycrm/css/bootstrap.css.map] in DispatcherServlet with name 'SpringMVC'
  [WARN] [2017-08-23 12:34:48][org.springframework.web.servlet.PageNotFound]No mapping found for HTTP request with URI [/mycrm/css/bootstrap.css.map] in DispatcherServlet with name 'SpringMVC'
  [WARN] [2017-08-23 12:34:48][org.springframework.web.servlet.PageNotFound]No mapping found for HTTP request with URI [/mycrm/css/bootstrap.css.map] in DispatcherServlet with name 'SpringMVC'
  [WARN] [2017-08-23 12:34:48][org.springframework.web.servlet.PageNotFound]No mapping found for HTTP request with URI [/mycrm/css/bootstrap.css.map] in DispatcherServlet with name 'SpringMVC'
  [WARN] [2017-08-23 12:34:48][org.springframework.web.servlet.PageNotFound]No mapping found for HTTP request with URI [/mycrm/css/bootstrap.css.map] in DispatcherServlet with name 'SpringMVC'
  [INFO] [2017-08-23 12:35:38][org.springframework.web.context.support.XmlWebApplicationContext]Closing WebApplicationContext for namespace 'SpringMVC-servlet': startup date [Wed Aug 23 12:34:28 CST 2017]; root of context hierarchy
  [INFO] [2017-08-23 12:35:38][org.springframework.web.servlet.DispatcherServlet]FrameworkServlet 'SpringMVC': initialization started
  [INFO] [2017-08-23 12:35:38][org.springframework.web.context.support.XmlWebApplicationContext]Refreshing WebApplicationContext for namespace 'SpringMVC-servlet': startup date [Wed Aug 23 12:35:38 CST 2017]; root of context hierarchy
  [INFO] [2017-08-23 12:35:38][org.springframework.web.servlet.DispatcherServlet]FrameworkServlet 'SpringMVC': initialization completed in 69 ms
  [WARN] [2017-08-23 12:35:42][org.springframework.web.servlet.PageNotFound]No mapping found for HTTP request with URI [/mycrm/css/bootstrap.css.map] in DispatcherServlet with name 'SpringMVC'
  [INFO] [2017-08-23 12:37:38][org.springframework.web.context.support.XmlWebApplicationContext]Closing WebApplicationContext for namespace 'SpringMVC-servlet': startup date [Wed Aug 23 12:35:38 CST 2017]; root of context hierarchy
  [INFO] [2017-08-23 12:37:38][org.springframework.web.servlet.DispatcherServlet]FrameworkServlet 'SpringMVC': initialization started
  [INFO] [2017-08-23 12:37:38][org.springframework.web.context.support.XmlWebApplicationContext]Refreshing WebApplicationContext for namespace 'SpringMVC-servlet': startup date [Wed Aug 23 12:37:38 CST 2017]; root of context hierarchy
  [INFO] [2017-08-23 12:37:38][org.springframework.web.servlet.DispatcherServlet]FrameworkServlet 'SpringMVC': initialization completed in 69 ms
  [INFO] [2017-08-23 12:38:18][org.springframework.web.context.support.XmlWebApplicationContext]Closing WebApplicationContext for namespace 'SpringMVC-servlet': startup date [Wed Aug 23 12:37:38 CST 2017]; root of context hierarchy
  [INFO] [2017-08-23 12:38:18][org.springframework.web.servlet.DispatcherServlet]FrameworkServlet 'SpringMVC': initialization started
  [INFO] [2017-08-23 12:38:18][org.springframework.web.context.support.XmlWebApplicationContext]Refreshing WebApplicationContext for namespace 'SpringMVC-servlet': startup date [Wed Aug 23 12:38:18 CST 2017]; root of context hierarchy
  [INFO] [2017-08-23 12:38:18][org.springframework.web.servlet.DispatcherServlet]FrameworkServlet 'SpringMVC': initialization completed in 72 ms
  [INFO] [2017-08-23 12:38:38][org.springframework.web.context.support.XmlWebApplicationContext]Closing WebApplicationContext for namespace 'SpringMVC-servlet': startup date [Wed Aug 23 12:38:18 CST 2017]; root of context hierarchy
  [INFO] [2017-08-23 12:38:38][org.springframework.web.servlet.DispatcherServlet]FrameworkServlet 'SpringMVC': initialization started
  [INFO] [2017-08-23 12:38:38][org.springframework.web.context.support.XmlWebApplicationContext]Refreshing WebApplicationContext for namespace 'SpringMVC-servlet': startup date [Wed Aug 23 12:38:38 CST 2017]; root of context hierarchy
  [INFO] [2017-08-23 12:38:38][org.springframework.web.servlet.DispatcherServlet]FrameworkServlet 'SpringMVC': initialization completed in 70 ms
  [INFO] [2017-08-23 12:39:08][org.springframework.web.context.support.XmlWebApplicationContext]Closing WebApplicationContext for namespace 'SpringMVC-servlet': startup date [Wed Aug 23 12:38:38 CST 2017]; root of context hierarchy
  [INFO] [2017-08-23 12:39:08][org.springframework.web.servlet.DispatcherServlet]FrameworkServlet 'SpringMVC': initialization started
  [INFO] [2017-08-23 12:39:08][org.springframework.web.context.support.XmlWebApplicationContext]Refreshing WebApplicationContext for namespace 'SpringMVC-servlet': startup date [Wed Aug 23 12:39:08 CST 2017]; root of context hierarchy
  [INFO] [2017-08-23 12:39:08][org.springframework.web.servlet.DispatcherServlet]FrameworkServlet 'SpringMVC': initialization completed in 69 ms
  [WARN] [2017-08-23 12:39:10][org.springframework.web.servlet.PageNotFound]No mapping found for HTTP request with URI [/mycrm/css/bootstrap.css.map] in DispatcherServlet with name 'SpringMVC'
  [WARN] [2017-08-23 12:39:53][org.springframework.web.servlet.PageNotFound]No mapping found for HTTP request with URI [/mycrm/css/bootstrap.css.map] in DispatcherServlet with name 'SpringMVC'
  [INFO] [2017-08-23 12:39:58][org.springframework.web.context.support.XmlWebApplicationContext]Closing WebApplicationContext for namespace 'SpringMVC-servlet': startup date [Wed Aug 23 12:39:08 CST 2017]; root of context hierarchy
  [INFO] [2017-08-23 12:39:58][org.springframework.web.servlet.DispatcherServlet]FrameworkServlet 'SpringMVC': initialization started
  [INFO] [2017-08-23 12:39:58][org.springframework.web.context.support.XmlWebApplicationContext]Refreshing WebApplicationContext for namespace 'SpringMVC-servlet': startup date [Wed Aug 23 12:39:58 CST 2017]; root of context hierarchy
  [INFO] [2017-08-23 12:39:58][org.springframework.web.servlet.DispatcherServlet]FrameworkServlet 'SpringMVC': initialization completed in 69 ms
  [WARN] [2017-08-23 12:40:01][org.springframework.web.servlet.PageNotFound]No mapping found for HTTP request with URI [/mycrm/css/bootstrap.css.map] in DispatcherServlet with name 'SpringMVC'
  [WARN] [2017-08-23 12:40:02][org.springframework.web.servlet.PageNotFound]No mapping found for HTTP request with URI [/mycrm/css/bootstrap.css.map] in DispatcherServlet with name 'SpringMVC'
  [INFO] [2017-08-23 12:40:38][org.springframework.web.context.support.XmlWebApplicationContext]Closing WebApplicationContext for namespace 'SpringMVC-servlet': startup date [Wed Aug 23 12:39:58 CST 2017]; root of context hierarchy
  [INFO] [2017-08-23 12:40:38][org.springframework.web.servlet.DispatcherServlet]FrameworkServlet 'SpringMVC': initialization started
  [INFO] [2017-08-23 12:40:38][org.springframework.web.context.support.XmlWebApplicationContext]Refreshing WebApplicationContext for namespace 'SpringMVC-servlet': startup date [Wed Aug 23 12:40:38 CST 2017]; root of context hierarchy
  [INFO] [2017-08-23 12:40:38][org.springframework.web.servlet.DispatcherServlet]FrameworkServlet 'SpringMVC': initialization completed in 124 ms
  [WARN] [2017-08-23 12:40:40][org.springframework.web.servlet.PageNotFound]No mapping found for HTTP request with URI [/mycrm/css/bootstrap.css.map] in DispatcherServlet with name 'SpringMVC'
  [WARN] [2017-08-23 12:40:42][org.springframework.web.servlet.PageNotFound]No mapping found for HTTP request with URI [/mycrm/css/bootstrap.css.map] in DispatcherServlet with name 'SpringMVC'
  [WARN] [2017-08-23 12:44:58][org.springframework.web.servlet.PageNotFound]No mapping found for HTTP request with URI [/mycrm/css/bootstrap.css.map] in DispatcherServlet with name 'SpringMVC'
  [WARN] [2017-08-23 12:45:18][org.springframework.web.servlet.PageNotFound]No mapping found for HTTP request with URI [/mycrm/css/bootstrap.css.map] in DispatcherServlet with name 'SpringMVC'
  [WARN] [2017-08-23 12:45:19][org.springframework.web.servlet.PageNotFound]No mapping found for HTTP request with URI [/mycrm/css/bootstrap.css.map] in DispatcherServlet with name 'SpringMVC'
  [WARN] [2017-08-23 12:46:35][org.springframework.web.servlet.PageNotFound]No mapping found for HTTP request with URI [/mycrm/css/bootstrap.css.map] in DispatcherServlet with name 'SpringMVC'
  [WARN] [2017-08-23 12:47:25][org.springframework.web.servlet.PageNotFound]No mapping found for HTTP request with URI [/mycrm/css/bootstrap.css.map] in DispatcherServlet with name 'SpringMVC'
  [WARN] [2017-08-23 12:47:27][org.springframework.web.servlet.PageNotFound]No mapping found for HTTP request with URI [/mycrm/css/bootstrap.css.map] in DispatcherServlet with name 'SpringMVC'
  [WARN] [2017-08-23 12:47:27][org.springframework.web.servlet.PageNotFound]No mapping found for HTTP request with URI [/mycrm/css/bootstrap.css.map] in DispatcherServlet with name 'SpringMVC'
  [WARN] [2017-08-23 12:47:28][org.springframework.web.servlet.PageNotFound]No mapping found for HTTP request with URI [/mycrm/css/bootstrap.css.map] in DispatcherServlet with name 'SpringMVC'
  [WARN] [2017-08-23 12:47:42][org.springframework.web.servlet.PageNotFound]No mapping found for HTTP request with URI [/mycrm/css/bootstrap.css.map] in DispatcherServlet with name 'SpringMVC'
  [WARN] [2017-08-23 12:47:42][org.springframework.web.servlet.PageNotFound]No mapping found for HTTP request with URI [/mycrm/css/bootstrap.css.map] in DispatcherServlet with name 'SpringMVC'
  [WARN] [2017-08-23 12:48:13][org.springframework.web.servlet.PageNotFound]No mapping found for HTTP request with URI [/mycrm/css/bootstrap.css.map] in DispatcherServlet with name 'SpringMVC'
  [WARN] [2017-08-23 12:49:00][org.springframework.web.servlet.PageNotFound]No mapping found for HTTP request with URI [/mycrm/css/bootstrap.css.map] in DispatcherServlet with name 'SpringMVC'
  [WARN] [2017-08-23 12:50:25][org.springframework.web.servlet.PageNotFound]No mapping found for HTTP request with URI [/mycrm/css/bootstrap.css.map] in DispatcherServlet with name 'SpringMVC'
  [WARN] [2017-08-23 12:50:26][org.springframework.web.servlet.PageNotFound]No mapping found for HTTP request with URI [/mycrm/css/bootstrap.css.map] in DispatcherServlet with name 'SpringMVC'
  [WARN] [2017-08-23 12:52:23][org.springframework.web.servlet.PageNotFound]No mapping found for HTTP request with URI [/mycrm/css/bootstrap.css.map] in DispatcherServlet with name 'SpringMVC'
  [WARN] [2017-08-23 12:52:47][org.springframework.web.servlet.PageNotFound]No mapping found for HTTP request with URI [/mycrm/css/bootstrap.css.map] in DispatcherServlet with name 'SpringMVC'
  [WARN] [2017-08-23 13:20:03][org.springframework.web.servlet.PageNotFound]No mapping found for HTTP request with URI [/mycrm/css/bootstrap.css.map] in DispatcherServlet with name 'SpringMVC'
  [WARN] [2017-08-23 14:12:57][org.springframework.web.servlet.PageNotFound]No mapping found for HTTP request with URI [/mycrm/css/bootstrap.css.map] in DispatcherServlet with name 'SpringMVC'
  [WARN] [2017-08-23 14:27:43][org.springframework.web.servlet.PageNotFound]No mapping found for HTTP request with URI [/mycrm/css/bootstrap.css.map] in DispatcherServlet with name 'SpringMVC'
  [WARN] [2017-08-23 14:40:27][org.springframework.web.servlet.PageNotFound]No mapping found for HTTP request with URI [/mycrm/user/login.do] in DispatcherServlet with name 'SpringMVC'
  [WARN] [2017-08-23 14:40:53][org.springframework.web.servlet.PageNotFound]No mapping found for HTTP request with URI [/mycrm/user/login.do] in DispatcherServlet with name 'SpringMVC'
  [WARN] [2017-08-23 14:40:57][org.springframework.web.servlet.PageNotFound]No mapping found for HTTP request with URI [/mycrm/user/login.do] in DispatcherServlet with name 'SpringMVC'
  [INFO] [2017-08-23 14:47:28][org.springframework.web.context.support.XmlWebApplicationContext]Closing WebApplicationContext for namespace 'SpringMVC-servlet': startup date [Wed Aug 23 12:40:38 CST 2017]; root of context hierarchy
  [INFO] [2017-08-23 14:47:28][org.springframework.web.servlet.DispatcherServlet]FrameworkServlet 'SpringMVC': initialization started
  [INFO] [2017-08-23 14:47:28][org.springframework.web.context.support.XmlWebApplicationContext]Refreshing WebApplicationContext for namespace 'SpringMVC-servlet': startup date [Wed Aug 23 14:47:28 CST 2017]; root of context hierarchy
  [INFO] [2017-08-23 14:47:28][org.springframework.web.servlet.DispatcherServlet]FrameworkServlet 'SpringMVC': initialization completed in 78 ms
  [INFO] [2017-08-23 14:47:48][org.springframework.web.context.support.XmlWebApplicationContext]Closing WebApplicationContext for namespace 'SpringMVC-servlet': startup date [Wed Aug 23 14:47:28 CST 2017]; root of context hierarchy
  [INFO] [2017-08-23 14:47:48][org.springframework.web.servlet.DispatcherServlet]FrameworkServlet 'SpringMVC': initialization started
  [INFO] [2017-08-23 14:47:48][org.springframework.web.context.support.XmlWebApplicationContext]Refreshing WebApplicationContext for namespace 'SpringMVC-servlet': startup date [Wed Aug 23 14:47:48 CST 2017]; root of context hierarchy
  [INFO] [2017-08-23 14:47:48][org.springframework.web.servlet.DispatcherServlet]FrameworkServlet 'SpringMVC': initialization completed in 116 ms
  [INFO] [2017-08-23 14:47:58][org.springframework.web.context.support.XmlWebApplicationContext]Closing WebApplicationContext for namespace 'SpringMVC-servlet': startup date [Wed Aug 23 14:47:48 CST 2017]; root of context hierarchy
  [INFO] [2017-08-23 14:47:58][org.springframework.web.servlet.DispatcherServlet]FrameworkServlet 'SpringMVC': initialization started
  [INFO] [2017-08-23 14:47:58][org.springframework.web.context.support.XmlWebApplicationContext]Refreshing WebApplicationContext for namespace 'SpringMVC-servlet': startup date [Wed Aug 23 14:47:58 CST 2017]; root of context hierarchy
  [INFO] [2017-08-23 14:47:58][org.springframework.web.servlet.DispatcherServlet]FrameworkServlet 'SpringMVC': initialization completed in 74 ms
  [INFO] [2017-08-23 14:48:08][org.springframework.web.context.support.XmlWebApplicationContext]Closing WebApplicationContext for namespace 'SpringMVC-servlet': startup date [Wed Aug 23 14:47:58 CST 2017]; root of context hierarchy
  [INFO] [2017-08-23 14:48:08][org.springframework.web.servlet.DispatcherServlet]FrameworkServlet 'SpringMVC': initialization started
  [INFO] [2017-08-23 14:48:08][org.springframework.web.context.support.XmlWebApplicationContext]Refreshing WebApplicationContext for namespace 'SpringMVC-servlet': startup date [Wed Aug 23 14:48:08 CST 2017]; root of context hierarchy
  [INFO] [2017-08-23 14:48:08][org.springframework.web.servlet.DispatcherServlet]FrameworkServlet 'SpringMVC': initialization completed in 118 ms
  [INFO] [2017-08-23 14:48:48][org.springframework.web.context.support.XmlWebApplicationContext]Closing WebApplicationContext for namespace 'SpringMVC-servlet': startup date [Wed Aug 23 14:48:08 CST 2017]; root of context hierarchy
  [INFO] [2017-08-23 14:48:48][org.springframework.web.servlet.DispatcherServlet]FrameworkServlet 'SpringMVC': initialization started
  [INFO] [2017-08-23 14:48:48][org.springframework.web.context.support.XmlWebApplicationContext]Refreshing WebApplicationContext for namespace 'SpringMVC-servlet': startup date [Wed Aug 23 14:48:48 CST 2017]; root of context hierarchy
  [INFO] [2017-08-23 14:48:48][org.springframework.web.servlet.DispatcherServlet]FrameworkServlet 'SpringMVC': initialization completed in 72 ms
  [WARN] [2017-08-23 14:49:18][org.springframework.web.servlet.PageNotFound]No mapping found for HTTP request with URI [/mycrm/user/login.do] in DispatcherServlet with name 'SpringMVC'
  [INFO] [2017-08-23 14:50:08][org.springframework.web.context.support.XmlWebApplicationContext]Closing WebApplicationContext for namespace 'SpringMVC-servlet': startup date [Wed Aug 23 14:48:48 CST 2017]; root of context hierarchy
  [INFO] [2017-08-23 14:50:08][org.springframework.web.servlet.DispatcherServlet]FrameworkServlet 'SpringMVC': initialization started
  [INFO] [2017-08-23 14:50:08][org.springframework.web.context.support.XmlWebApplicationContext]Refreshing WebApplicationContext for namespace 'SpringMVC-servlet': startup date [Wed Aug 23 14:50:08 CST 2017]; root of context hierarchy
  [INFO] [2017-08-23 14:50:08][org.springframework.web.servlet.DispatcherServlet]FrameworkServlet 'SpringMVC': initialization completed in 69 ms
  [INFO] [2017-08-23 14:50:38][org.springframework.web.context.support.XmlWebApplicationContext]Closing WebApplicationContext for namespace 'SpringMVC-servlet': startup date [Wed Aug 23 14:50:08 CST 2017]; root of context hierarchy
  [INFO] [2017-08-23 14:50:38][org.springframework.web.servlet.DispatcherServlet]FrameworkServlet 'SpringMVC': initialization started
  [INFO] [2017-08-23 14:50:38][org.springframework.web.context.support.XmlWebApplicationContext]Refreshing WebApplicationContext for namespace 'SpringMVC-servlet': startup date [Wed Aug 23 14:50:38 CST 2017]; root of context hierarchy
  [INFO] [2017-08-23 14:50:38][org.springframework.web.servlet.DispatcherServlet]FrameworkServlet 'SpringMVC': initialization completed in 68 ms
  [WARN] [2017-08-23 14:50:48][org.springframework.web.servlet.PageNotFound]No mapping found for HTTP request with URI [/mycrm/user/login.do] in DispatcherServlet with name 'SpringMVC'
  [INFO] [2017-08-23 14:51:08][org.springframework.web.context.support.XmlWebApplicationContext]Closing WebApplicationContext for namespace 'SpringMVC-servlet': startup date [Wed Aug 23 14:50:38 CST 2017]; root of context hierarchy
  [INFO] [2017-08-23 14:51:08][org.springframework.web.servlet.DispatcherServlet]FrameworkServlet 'SpringMVC': initialization started
  [INFO] [2017-08-23 14:51:08][org.springframework.web.context.support.XmlWebApplicationContext]Refreshing WebApplicationContext for namespace 'SpringMVC-servlet': startup date [Wed Aug 23 14:51:08 CST 2017]; root of context hierarchy
  [INFO] [2017-08-23 14:51:08][org.springframework.web.servlet.DispatcherServlet]FrameworkServlet 'SpringMVC': initialization completed in 69 ms
  [INFO] [2017-08-23 15:12:48][org.springframework.web.context.support.XmlWebApplicationContext]Closing WebApplicationContext for namespace 'SpringMVC-servlet': startup date [Wed Aug 23 14:51:08 CST 2017]; root of context hierarchy
  [INFO] [2017-08-23 15:12:48][org.springframework.web.servlet.DispatcherServlet]FrameworkServlet 'SpringMVC': initialization started
  [INFO] [2017-08-23 15:12:48][org.springframework.web.context.support.XmlWebApplicationContext]Refreshing WebApplicationContext for namespace 'SpringMVC-servlet': startup date [Wed Aug 23 15:12:48 CST 2017]; root of context hierarchy
  [INFO] [2017-08-23 15:12:49][org.springframework.web.servlet.DispatcherServlet]FrameworkServlet 'SpringMVC': initialization completed in 70 ms
  [INFO] [2017-08-23 15:13:28][org.springframework.web.context.support.XmlWebApplicationContext]Closing WebApplicationContext for namespace 'SpringMVC-servlet': startup date [Wed Aug 23 15:12:48 CST 2017]; root of context hierarchy
  [INFO] [2017-08-23 15:13:28][org.springframework.web.servlet.DispatcherServlet]FrameworkServlet 'SpringMVC': initialization started
  [INFO] [2017-08-23 15:13:28][org.springframework.web.context.support.XmlWebApplicationContext]Refreshing WebApplicationContext for namespace 'SpringMVC-servlet': startup date [Wed Aug 23 15:13:28 CST 2017]; root of context hierarchy
  [INFO] [2017-08-23 15:13:29][org.springframework.web.servlet.DispatcherServlet]FrameworkServlet 'SpringMVC': initialization completed in 230 ms
  [WARN] [2017-08-23 15:41:16][org.springframework.web.servlet.PageNotFound]No mapping found for HTTP request with URI [/mycrm/user/login.do] in DispatcherServlet with name 'SpringMVC'
  [INFO] [2017-08-23 16:15:38][org.springframework.web.context.support.XmlWebApplicationContext]Closing WebApplicationContext for namespace 'SpringMVC-servlet': startup date [Wed Aug 23 15:13:28 CST 2017]; root of context hierarchy
  [INFO] [2017-08-23 16:15:39][org.springframework.web.servlet.DispatcherServlet]FrameworkServlet 'SpringMVC': initialization started
  [INFO] [2017-08-23 16:15:39][org.springframework.web.context.support.XmlWebApplicationContext]Refreshing WebApplicationContext for namespace 'SpringMVC-servlet': startup date [Wed Aug 23 16:15:39 CST 2017]; root of context hierarchy
  [INFO] [2017-08-23 16:15:39][org.springframework.web.servlet.DispatcherServlet]FrameworkServlet 'SpringMVC': initialization completed in 71 ms
  